
*** Running vivado
    with args -log mult4_top.vdi -applog -m64 -product Vivado -messageDb vivado.pb -mode batch -source mult4_top.tcl -notrace


****** Vivado v2019.2 (64-bit)
  **** SW Build 2708876 on Wed Nov  6 21:39:14 MST 2019
  **** IP Build 2700528 on Thu Nov  7 00:09:20 MST 2019
    ** Copyright 1986-2019 Xilinx, Inc. All Rights Reserved.

source mult4_top.tcl -notrace
Command: link_design -top mult4_top -part xc7a100tcsg324-1
Design is defaulting to srcset: sources_1
Design is defaulting to constrset: constrs_1
INFO: [Device 21-403] Loading part xc7a100tcsg324-1
Netlist sorting complete. Time (s): cpu = 00:00:00 ; elapsed = 00:00:00 . Memory (MB): peak = 1774.723 ; gain = 0.000 ; free physical = 386 ; free virtual = 4094
INFO: [Netlist 29-17] Analyzing 5 Unisim elements for replacement
INFO: [Netlist 29-28] Unisim Transformation completed in 0 CPU seconds
INFO: [Project 1-479] Netlist was created with Vivado 2019.2
INFO: [Project 1-570] Preparing netlist for logic optimization
Parsing XDC File [/home/malak/vivadoprojects/lab3_multiplication/lab3_multiplication.srcs/constrs_1/imports/Desktop/NDDR4.xdc]
WARNING: [Vivado 12-584] No ports matched 'SW[8]'. [/home/malak/vivadoprojects/lab3_multiplication/lab3_multiplication.srcs/constrs_1/imports/Desktop/NDDR4.xdc:21]
CRITICAL WARNING: [Common 17-55] 'set_property' expects at least one object. [/home/malak/vivadoprojects/lab3_multiplication/lab3_multiplication.srcs/constrs_1/imports/Desktop/NDDR4.xdc:21]
Resolution: If [get_<value>] was used to populate the object, check to make sure this command returns at least one valid object.
WARNING: [Vivado 12-584] No ports matched 'SW[9]'. [/home/malak/vivadoprojects/lab3_multiplication/lab3_multiplication.srcs/constrs_1/imports/Desktop/NDDR4.xdc:22]
CRITICAL WARNING: [Common 17-55] 'set_property' expects at least one object. [/home/malak/vivadoprojects/lab3_multiplication/lab3_multiplication.srcs/constrs_1/imports/Desktop/NDDR4.xdc:22]
Resolution: If [get_<value>] was used to populate the object, check to make sure this command returns at least one valid object.
WARNING: [Vivado 12-584] No ports matched 'SW[10]'. [/home/malak/vivadoprojects/lab3_multiplication/lab3_multiplication.srcs/constrs_1/imports/Desktop/NDDR4.xdc:23]
CRITICAL WARNING: [Common 17-55] 'set_property' expects at least one object. [/home/malak/vivadoprojects/lab3_multiplication/lab3_multiplication.srcs/constrs_1/imports/Desktop/NDDR4.xdc:23]
Resolution: If [get_<value>] was used to populate the object, check to make sure this command returns at least one valid object.
WARNING: [Vivado 12-584] No ports matched 'SW[11]'. [/home/malak/vivadoprojects/lab3_multiplication/lab3_multiplication.srcs/constrs_1/imports/Desktop/NDDR4.xdc:24]
CRITICAL WARNING: [Common 17-55] 'set_property' expects at least one object. [/home/malak/vivadoprojects/lab3_multiplication/lab3_multiplication.srcs/constrs_1/imports/Desktop/NDDR4.xdc:24]
Resolution: If [get_<value>] was used to populate the object, check to make sure this command returns at least one valid object.
WARNING: [Vivado 12-584] No ports matched 'SW[12]'. [/home/malak/vivadoprojects/lab3_multiplication/lab3_multiplication.srcs/constrs_1/imports/Desktop/NDDR4.xdc:25]
CRITICAL WARNING: [Common 17-55] 'set_property' expects at least one object. [/home/malak/vivadoprojects/lab3_multiplication/lab3_multiplication.srcs/constrs_1/imports/Desktop/NDDR4.xdc:25]
Resolution: If [get_<value>] was used to populate the object, check to make sure this command returns at least one valid object.
WARNING: [Vivado 12-584] No ports matched 'SW[13]'. [/home/malak/vivadoprojects/lab3_multiplication/lab3_multiplication.srcs/constrs_1/imports/Desktop/NDDR4.xdc:26]
CRITICAL WARNING: [Common 17-55] 'set_property' expects at least one object. [/home/malak/vivadoprojects/lab3_multiplication/lab3_multiplication.srcs/constrs_1/imports/Desktop/NDDR4.xdc:26]
Resolution: If [get_<value>] was used to populate the object, check to make sure this command returns at least one valid object.
WARNING: [Vivado 12-584] No ports matched 'SW[14]'. [/home/malak/vivadoprojects/lab3_multiplication/lab3_multiplication.srcs/constrs_1/imports/Desktop/NDDR4.xdc:27]
CRITICAL WARNING: [Common 17-55] 'set_property' expects at least one object. [/home/malak/vivadoprojects/lab3_multiplication/lab3_multiplication.srcs/constrs_1/imports/Desktop/NDDR4.xdc:27]
Resolution: If [get_<value>] was used to populate the object, check to make sure this command returns at least one valid object.
WARNING: [Vivado 12-584] No ports matched 'SW[15]'. [/home/malak/vivadoprojects/lab3_multiplication/lab3_multiplication.srcs/constrs_1/imports/Desktop/NDDR4.xdc:28]
CRITICAL WARNING: [Common 17-55] 'set_property' expects at least one object. [/home/malak/vivadoprojects/lab3_multiplication/lab3_multiplication.srcs/constrs_1/imports/Desktop/NDDR4.xdc:28]
Resolution: If [get_<value>] was used to populate the object, check to make sure this command returns at least one valid object.
WARNING: [Vivado 12-584] No ports matched 'LED[0]'. [/home/malak/vivadoprojects/lab3_multiplication/lab3_multiplication.srcs/constrs_1/imports/Desktop/NDDR4.xdc:33]
CRITICAL WARNING: [Common 17-55] 'set_property' expects at least one object. [/home/malak/vivadoprojects/lab3_multiplication/lab3_multiplication.srcs/constrs_1/imports/Desktop/NDDR4.xdc:33]
Resolution: If [get_<value>] was used to populate the object, check to make sure this command returns at least one valid object.
WARNING: [Vivado 12-584] No ports matched 'LED[1]'. [/home/malak/vivadoprojects/lab3_multiplication/lab3_multiplication.srcs/constrs_1/imports/Desktop/NDDR4.xdc:34]
CRITICAL WARNING: [Common 17-55] 'set_property' expects at least one object. [/home/malak/vivadoprojects/lab3_multiplication/lab3_multiplication.srcs/constrs_1/imports/Desktop/NDDR4.xdc:34]
Resolution: If [get_<value>] was used to populate the object, check to make sure this command returns at least one valid object.
WARNING: [Vivado 12-584] No ports matched 'LED[2]'. [/home/malak/vivadoprojects/lab3_multiplication/lab3_multiplication.srcs/constrs_1/imports/Desktop/NDDR4.xdc:35]
CRITICAL WARNING: [Common 17-55] 'set_property' expects at least one object. [/home/malak/vivadoprojects/lab3_multiplication/lab3_multiplication.srcs/constrs_1/imports/Desktop/NDDR4.xdc:35]
Resolution: If [get_<value>] was used to populate the object, check to make sure this command returns at least one valid object.
WARNING: [Vivado 12-584] No ports matched 'LED[3]'. [/home/malak/vivadoprojects/lab3_multiplication/lab3_multiplication.srcs/constrs_1/imports/Desktop/NDDR4.xdc:36]
CRITICAL WARNING: [Common 17-55] 'set_property' expects at least one object. [/home/malak/vivadoprojects/lab3_multiplication/lab3_multiplication.srcs/constrs_1/imports/Desktop/NDDR4.xdc:36]
Resolution: If [get_<value>] was used to populate the object, check to make sure this command returns at least one valid object.
WARNING: [Vivado 12-584] No ports matched 'LED[4]'. [/home/malak/vivadoprojects/lab3_multiplication/lab3_multiplication.srcs/constrs_1/imports/Desktop/NDDR4.xdc:37]
CRITICAL WARNING: [Common 17-55] 'set_property' expects at least one object. [/home/malak/vivadoprojects/lab3_multiplication/lab3_multiplication.srcs/constrs_1/imports/Desktop/NDDR4.xdc:37]
Resolution: If [get_<value>] was used to populate the object, check to make sure this command returns at least one valid object.
WARNING: [Vivado 12-584] No ports matched 'LED[5]'. [/home/malak/vivadoprojects/lab3_multiplication/lab3_multiplication.srcs/constrs_1/imports/Desktop/NDDR4.xdc:38]
CRITICAL WARNING: [Common 17-55] 'set_property' expects at least one object. [/home/malak/vivadoprojects/lab3_multiplication/lab3_multiplication.srcs/constrs_1/imports/Desktop/NDDR4.xdc:38]
Resolution: If [get_<value>] was used to populate the object, check to make sure this command returns at least one valid object.
WARNING: [Vivado 12-584] No ports matched 'LED[6]'. [/home/malak/vivadoprojects/lab3_multiplication/lab3_multiplication.srcs/constrs_1/imports/Desktop/NDDR4.xdc:39]
CRITICAL WARNING: [Common 17-55] 'set_property' expects at least one object. [/home/malak/vivadoprojects/lab3_multiplication/lab3_multiplication.srcs/constrs_1/imports/Desktop/NDDR4.xdc:39]
Resolution: If [get_<value>] was used to populate the object, check to make sure this command returns at least one valid object.
WARNING: [Vivado 12-584] No ports matched 'LED[7]'. [/home/malak/vivadoprojects/lab3_multiplication/lab3_multiplication.srcs/constrs_1/imports/Desktop/NDDR4.xdc:40]
CRITICAL WARNING: [Common 17-55] 'set_property' expects at least one object. [/home/malak/vivadoprojects/lab3_multiplication/lab3_multiplication.srcs/constrs_1/imports/Desktop/NDDR4.xdc:40]
Resolution: If [get_<value>] was used to populate the object, check to make sure this command returns at least one valid object.
WARNING: [Vivado 12-584] No ports matched 'LED[8]'. [/home/malak/vivadoprojects/lab3_multiplication/lab3_multiplication.srcs/constrs_1/imports/Desktop/NDDR4.xdc:41]
CRITICAL WARNING: [Common 17-55] 'set_property' expects at least one object. [/home/malak/vivadoprojects/lab3_multiplication/lab3_multiplication.srcs/constrs_1/imports/Desktop/NDDR4.xdc:41]
Resolution: If [get_<value>] was used to populate the object, check to make sure this command returns at least one valid object.
WARNING: [Vivado 12-584] No ports matched 'LED[9]'. [/home/malak/vivadoprojects/lab3_multiplication/lab3_multiplication.srcs/constrs_1/imports/Desktop/NDDR4.xdc:42]
CRITICAL WARNING: [Common 17-55] 'set_property' expects at least one object. [/home/malak/vivadoprojects/lab3_multiplication/lab3_multiplication.srcs/constrs_1/imports/Desktop/NDDR4.xdc:42]
Resolution: If [get_<value>] was used to populate the object, check to make sure this command returns at least one valid object.
WARNING: [Vivado 12-584] No ports matched 'LED[10]'. [/home/malak/vivadoprojects/lab3_multiplication/lab3_multiplication.srcs/constrs_1/imports/Desktop/NDDR4.xdc:43]
CRITICAL WARNING: [Common 17-55] 'set_property' expects at least one object. [/home/malak/vivadoprojects/lab3_multiplication/lab3_multiplication.srcs/constrs_1/imports/Desktop/NDDR4.xdc:43]
Resolution: If [get_<value>] was used to populate the object, check to make sure this command returns at least one valid object.
WARNING: [Vivado 12-584] No ports matched 'LED[11]'. [/home/malak/vivadoprojects/lab3_multiplication/lab3_multiplication.srcs/constrs_1/imports/Desktop/NDDR4.xdc:44]
CRITICAL WARNING: [Common 17-55] 'set_property' expects at least one object. [/home/malak/vivadoprojects/lab3_multiplication/lab3_multiplication.srcs/constrs_1/imports/Desktop/NDDR4.xdc:44]
Resolution: If [get_<value>] was used to populate the object, check to make sure this command returns at least one valid object.
WARNING: [Vivado 12-584] No ports matched 'LED[12]'. [/home/malak/vivadoprojects/lab3_multiplication/lab3_multiplication.srcs/constrs_1/imports/Desktop/NDDR4.xdc:45]
CRITICAL WARNING: [Common 17-55] 'set_property' expects at least one object. [/home/malak/vivadoprojects/lab3_multiplication/lab3_multiplication.srcs/constrs_1/imports/Desktop/NDDR4.xdc:45]
Resolution: If [get_<value>] was used to populate the object, check to make sure this command returns at least one valid object.
WARNING: [Vivado 12-584] No ports matched 'LED[13]'. [/home/malak/vivadoprojects/lab3_multiplication/lab3_multiplication.srcs/constrs_1/imports/Desktop/NDDR4.xdc:46]
CRITICAL WARNING: [Common 17-55] 'set_property' expects at least one object. [/home/malak/vivadoprojects/lab3_multiplication/lab3_multiplication.srcs/constrs_1/imports/Desktop/NDDR4.xdc:46]
Resolution: If [get_<value>] was used to populate the object, check to make sure this command returns at least one valid object.
WARNING: [Vivado 12-584] No ports matched 'LED[14]'. [/home/malak/vivadoprojects/lab3_multiplication/lab3_multiplication.srcs/constrs_1/imports/Desktop/NDDR4.xdc:47]
CRITICAL WARNING: [Common 17-55] 'set_property' expects at least one object. [/home/malak/vivadoprojects/lab3_multiplication/lab3_multiplication.srcs/constrs_1/imports/Desktop/NDDR4.xdc:47]
Resolution: If [get_<value>] was used to populate the object, check to make sure this command returns at least one valid object.
WARNING: [Vivado 12-584] No ports matched 'LED[15]'. [/home/malak/vivadoprojects/lab3_multiplication/lab3_multiplication.srcs/constrs_1/imports/Desktop/NDDR4.xdc:48]
CRITICAL WARNING: [Common 17-55] 'set_property' expects at least one object. [/home/malak/vivadoprojects/lab3_multiplication/lab3_multiplication.srcs/constrs_1/imports/Desktop/NDDR4.xdc:48]
Resolution: If [get_<value>] was used to populate the object, check to make sure this command returns at least one valid object.
WARNING: [Vivado 12-584] No ports matched 'LED16_B'. [/home/malak/vivadoprojects/lab3_multiplication/lab3_multiplication.srcs/constrs_1/imports/Desktop/NDDR4.xdc:50]
CRITICAL WARNING: [Common 17-55] 'set_property' expects at least one object. [/home/malak/vivadoprojects/lab3_multiplication/lab3_multiplication.srcs/constrs_1/imports/Desktop/NDDR4.xdc:50]
Resolution: If [get_<value>] was used to populate the object, check to make sure this command returns at least one valid object.
WARNING: [Vivado 12-584] No ports matched 'LED16_G'. [/home/malak/vivadoprojects/lab3_multiplication/lab3_multiplication.srcs/constrs_1/imports/Desktop/NDDR4.xdc:51]
CRITICAL WARNING: [Common 17-55] 'set_property' expects at least one object. [/home/malak/vivadoprojects/lab3_multiplication/lab3_multiplication.srcs/constrs_1/imports/Desktop/NDDR4.xdc:51]
Resolution: If [get_<value>] was used to populate the object, check to make sure this command returns at least one valid object.
WARNING: [Vivado 12-584] No ports matched 'LED16_R'. [/home/malak/vivadoprojects/lab3_multiplication/lab3_multiplication.srcs/constrs_1/imports/Desktop/NDDR4.xdc:52]
CRITICAL WARNING: [Common 17-55] 'set_property' expects at least one object. [/home/malak/vivadoprojects/lab3_multiplication/lab3_multiplication.srcs/constrs_1/imports/Desktop/NDDR4.xdc:52]
Resolution: If [get_<value>] was used to populate the object, check to make sure this command returns at least one valid object.
WARNING: [Vivado 12-584] No ports matched 'LED17_B'. [/home/malak/vivadoprojects/lab3_multiplication/lab3_multiplication.srcs/constrs_1/imports/Desktop/NDDR4.xdc:53]
CRITICAL WARNING: [Common 17-55] 'set_property' expects at least one object. [/home/malak/vivadoprojects/lab3_multiplication/lab3_multiplication.srcs/constrs_1/imports/Desktop/NDDR4.xdc:53]
Resolution: If [get_<value>] was used to populate the object, check to make sure this command returns at least one valid object.
WARNING: [Vivado 12-584] No ports matched 'LED17_G'. [/home/malak/vivadoprojects/lab3_multiplication/lab3_multiplication.srcs/constrs_1/imports/Desktop/NDDR4.xdc:54]
CRITICAL WARNING: [Common 17-55] 'set_property' expects at least one object. [/home/malak/vivadoprojects/lab3_multiplication/lab3_multiplication.srcs/constrs_1/imports/Desktop/NDDR4.xdc:54]
Resolution: If [get_<value>] was used to populate the object, check to make sure this command returns at least one valid object.
WARNING: [Vivado 12-584] No ports matched 'LED17_R'. [/home/malak/vivadoprojects/lab3_multiplication/lab3_multiplication.srcs/constrs_1/imports/Desktop/NDDR4.xdc:55]
CRITICAL WARNING: [Common 17-55] 'set_property' expects at least one object. [/home/malak/vivadoprojects/lab3_multiplication/lab3_multiplication.srcs/constrs_1/imports/Desktop/NDDR4.xdc:55]
Resolution: If [get_<value>] was used to populate the object, check to make sure this command returns at least one valid object.
WARNING: [Vivado 12-584] No ports matched 'AN[4]'. [/home/malak/vivadoprojects/lab3_multiplication/lab3_multiplication.srcs/constrs_1/imports/Desktop/NDDR4.xdc:74]
CRITICAL WARNING: [Common 17-55] 'set_property' expects at least one object. [/home/malak/vivadoprojects/lab3_multiplication/lab3_multiplication.srcs/constrs_1/imports/Desktop/NDDR4.xdc:74]
Resolution: If [get_<value>] was used to populate the object, check to make sure this command returns at least one valid object.
WARNING: [Vivado 12-584] No ports matched 'AN[5]'. [/home/malak/vivadoprojects/lab3_multiplication/lab3_multiplication.srcs/constrs_1/imports/Desktop/NDDR4.xdc:75]
CRITICAL WARNING: [Common 17-55] 'set_property' expects at least one object. [/home/malak/vivadoprojects/lab3_multiplication/lab3_multiplication.srcs/constrs_1/imports/Desktop/NDDR4.xdc:75]
Resolution: If [get_<value>] was used to populate the object, check to make sure this command returns at least one valid object.
WARNING: [Vivado 12-584] No ports matched 'AN[6]'. [/home/malak/vivadoprojects/lab3_multiplication/lab3_multiplication.srcs/constrs_1/imports/Desktop/NDDR4.xdc:76]
CRITICAL WARNING: [Common 17-55] 'set_property' expects at least one object. [/home/malak/vivadoprojects/lab3_multiplication/lab3_multiplication.srcs/constrs_1/imports/Desktop/NDDR4.xdc:76]
Resolution: If [get_<value>] was used to populate the object, check to make sure this command returns at least one valid object.
WARNING: [Vivado 12-584] No ports matched 'AN[7]'. [/home/malak/vivadoprojects/lab3_multiplication/lab3_multiplication.srcs/constrs_1/imports/Desktop/NDDR4.xdc:77]
CRITICAL WARNING: [Common 17-55] 'set_property' expects at least one object. [/home/malak/vivadoprojects/lab3_multiplication/lab3_multiplication.srcs/constrs_1/imports/Desktop/NDDR4.xdc:77]
Resolution: If [get_<value>] was used to populate the object, check to make sure this command returns at least one valid object.
WARNING: [Vivado 12-584] No ports matched 'CPU_RESETN'. [/home/malak/vivadoprojects/lab3_multiplication/lab3_multiplication.srcs/constrs_1/imports/Desktop/NDDR4.xdc:82]
CRITICAL WARNING: [Common 17-55] 'set_property' expects at least one object. [/home/malak/vivadoprojects/lab3_multiplication/lab3_multiplication.srcs/constrs_1/imports/Desktop/NDDR4.xdc:82]
Resolution: If [get_<value>] was used to populate the object, check to make sure this command returns at least one valid object.
WARNING: [Vivado 12-584] No ports matched 'BTNU'. [/home/malak/vivadoprojects/lab3_multiplication/lab3_multiplication.srcs/constrs_1/imports/Desktop/NDDR4.xdc:85]
CRITICAL WARNING: [Common 17-55] 'set_property' expects at least one object. [/home/malak/vivadoprojects/lab3_multiplication/lab3_multiplication.srcs/constrs_1/imports/Desktop/NDDR4.xdc:85]
Resolution: If [get_<value>] was used to populate the object, check to make sure this command returns at least one valid object.
WARNING: [Vivado 12-584] No ports matched 'BTNL'. [/home/malak/vivadoprojects/lab3_multiplication/lab3_multiplication.srcs/constrs_1/imports/Desktop/NDDR4.xdc:86]
CRITICAL WARNING: [Common 17-55] 'set_property' expects at least one object. [/home/malak/vivadoprojects/lab3_multiplication/lab3_multiplication.srcs/constrs_1/imports/Desktop/NDDR4.xdc:86]
Resolution: If [get_<value>] was used to populate the object, check to make sure this command returns at least one valid object.
WARNING: [Vivado 12-584] No ports matched 'BTNR'. [/home/malak/vivadoprojects/lab3_multiplication/lab3_multiplication.srcs/constrs_1/imports/Desktop/NDDR4.xdc:87]
CRITICAL WARNING: [Common 17-55] 'set_property' expects at least one object. [/home/malak/vivadoprojects/lab3_multiplication/lab3_multiplication.srcs/constrs_1/imports/Desktop/NDDR4.xdc:87]
Resolution: If [get_<value>] was used to populate the object, check to make sure this command returns at least one valid object.
WARNING: [Vivado 12-584] No ports matched 'BTND'. [/home/malak/vivadoprojects/lab3_multiplication/lab3_multiplication.srcs/constrs_1/imports/Desktop/NDDR4.xdc:88]
CRITICAL WARNING: [Common 17-55] 'set_property' expects at least one object. [/home/malak/vivadoprojects/lab3_multiplication/lab3_multiplication.srcs/constrs_1/imports/Desktop/NDDR4.xdc:88]
Resolution: If [get_<value>] was used to populate the object, check to make sure this command returns at least one valid object.
WARNING: [Vivado 12-584] No ports matched 'JA[1]'. [/home/malak/vivadoprojects/lab3_multiplication/lab3_multiplication.srcs/constrs_1/imports/Desktop/NDDR4.xdc:96]
CRITICAL WARNING: [Common 17-55] 'set_property' expects at least one object. [/home/malak/vivadoprojects/lab3_multiplication/lab3_multiplication.srcs/constrs_1/imports/Desktop/NDDR4.xdc:96]
Resolution: If [get_<value>] was used to populate the object, check to make sure this command returns at least one valid object.
WARNING: [Vivado 12-584] No ports matched 'JA[2]'. [/home/malak/vivadoprojects/lab3_multiplication/lab3_multiplication.srcs/constrs_1/imports/Desktop/NDDR4.xdc:97]
CRITICAL WARNING: [Common 17-55] 'set_property' expects at least one object. [/home/malak/vivadoprojects/lab3_multiplication/lab3_multiplication.srcs/constrs_1/imports/Desktop/NDDR4.xdc:97]
Resolution: If [get_<value>] was used to populate the object, check to make sure this command returns at least one valid object.
WARNING: [Vivado 12-584] No ports matched 'JA[3]'. [/home/malak/vivadoprojects/lab3_multiplication/lab3_multiplication.srcs/constrs_1/imports/Desktop/NDDR4.xdc:98]
CRITICAL WARNING: [Common 17-55] 'set_property' expects at least one object. [/home/malak/vivadoprojects/lab3_multiplication/lab3_multiplication.srcs/constrs_1/imports/Desktop/NDDR4.xdc:98]
Resolution: If [get_<value>] was used to populate the object, check to make sure this command returns at least one valid object.
WARNING: [Vivado 12-584] No ports matched 'JA[4]'. [/home/malak/vivadoprojects/lab3_multiplication/lab3_multiplication.srcs/constrs_1/imports/Desktop/NDDR4.xdc:99]
CRITICAL WARNING: [Common 17-55] 'set_property' expects at least one object. [/home/malak/vivadoprojects/lab3_multiplication/lab3_multiplication.srcs/constrs_1/imports/Desktop/NDDR4.xdc:99]
Resolution: If [get_<value>] was used to populate the object, check to make sure this command returns at least one valid object.
WARNING: [Vivado 12-584] No ports matched 'JA[7]'. [/home/malak/vivadoprojects/lab3_multiplication/lab3_multiplication.srcs/constrs_1/imports/Desktop/NDDR4.xdc:100]
CRITICAL WARNING: [Common 17-55] 'set_property' expects at least one object. [/home/malak/vivadoprojects/lab3_multiplication/lab3_multiplication.srcs/constrs_1/imports/Desktop/NDDR4.xdc:100]
Resolution: If [get_<value>] was used to populate the object, check to make sure this command returns at least one valid object.
WARNING: [Vivado 12-584] No ports matched 'JA[8]'. [/home/malak/vivadoprojects/lab3_multiplication/lab3_multiplication.srcs/constrs_1/imports/Desktop/NDDR4.xdc:101]
CRITICAL WARNING: [Common 17-55] 'set_property' expects at least one object. [/home/malak/vivadoprojects/lab3_multiplication/lab3_multiplication.srcs/constrs_1/imports/Desktop/NDDR4.xdc:101]
Resolution: If [get_<value>] was used to populate the object, check to make sure this command returns at least one valid object.
WARNING: [Vivado 12-584] No ports matched 'JA[9]'. [/home/malak/vivadoprojects/lab3_multiplication/lab3_multiplication.srcs/constrs_1/imports/Desktop/NDDR4.xdc:102]
CRITICAL WARNING: [Common 17-55] 'set_property' expects at least one object. [/home/malak/vivadoprojects/lab3_multiplication/lab3_multiplication.srcs/constrs_1/imports/Desktop/NDDR4.xdc:102]
Resolution: If [get_<value>] was used to populate the object, check to make sure this command returns at least one valid object.
WARNING: [Vivado 12-584] No ports matched 'JA[10]'. [/home/malak/vivadoprojects/lab3_multiplication/lab3_multiplication.srcs/constrs_1/imports/Desktop/NDDR4.xdc:103]
CRITICAL WARNING: [Common 17-55] 'set_property' expects at least one object. [/home/malak/vivadoprojects/lab3_multiplication/lab3_multiplication.srcs/constrs_1/imports/Desktop/NDDR4.xdc:103]
Resolution: If [get_<value>] was used to populate the object, check to make sure this command returns at least one valid object.
WARNING: [Vivado 12-584] No ports matched 'JB[1]'. [/home/malak/vivadoprojects/lab3_multiplication/lab3_multiplication.srcs/constrs_1/imports/Desktop/NDDR4.xdc:108]
CRITICAL WARNING: [Common 17-55] 'set_property' expects at least one object. [/home/malak/vivadoprojects/lab3_multiplication/lab3_multiplication.srcs/constrs_1/imports/Desktop/NDDR4.xdc:108]
Resolution: If [get_<value>] was used to populate the object, check to make sure this command returns at least one valid object.
WARNING: [Vivado 12-584] No ports matched 'JB[2]'. [/home/malak/vivadoprojects/lab3_multiplication/lab3_multiplication.srcs/constrs_1/imports/Desktop/NDDR4.xdc:109]
CRITICAL WARNING: [Common 17-55] 'set_property' expects at least one object. [/home/malak/vivadoprojects/lab3_multiplication/lab3_multiplication.srcs/constrs_1/imports/Desktop/NDDR4.xdc:109]
Resolution: If [get_<value>] was used to populate the object, check to make sure this command returns at least one valid object.
WARNING: [Vivado 12-584] No ports matched 'JB[3]'. [/home/malak/vivadoprojects/lab3_multiplication/lab3_multiplication.srcs/constrs_1/imports/Desktop/NDDR4.xdc:110]
CRITICAL WARNING: [Common 17-55] 'set_property' expects at least one object. [/home/malak/vivadoprojects/lab3_multiplication/lab3_multiplication.srcs/constrs_1/imports/Desktop/NDDR4.xdc:110]
Resolution: If [get_<value>] was used to populate the object, check to make sure this command returns at least one valid object.
WARNING: [Vivado 12-584] No ports matched 'JB[4]'. [/home/malak/vivadoprojects/lab3_multiplication/lab3_multiplication.srcs/constrs_1/imports/Desktop/NDDR4.xdc:111]
CRITICAL WARNING: [Common 17-55] 'set_property' expects at least one object. [/home/malak/vivadoprojects/lab3_multiplication/lab3_multiplication.srcs/constrs_1/imports/Desktop/NDDR4.xdc:111]
Resolution: If [get_<value>] was used to populate the object, check to make sure this command returns at least one valid object.
WARNING: [Vivado 12-584] No ports matched 'JB[7]'. [/home/malak/vivadoprojects/lab3_multiplication/lab3_multiplication.srcs/constrs_1/imports/Desktop/NDDR4.xdc:112]
CRITICAL WARNING: [Common 17-55] 'set_property' expects at least one object. [/home/malak/vivadoprojects/lab3_multiplication/lab3_multiplication.srcs/constrs_1/imports/Desktop/NDDR4.xdc:112]
Resolution: If [get_<value>] was used to populate the object, check to make sure this command returns at least one valid object.
WARNING: [Vivado 12-584] No ports matched 'JB[8]'. [/home/malak/vivadoprojects/lab3_multiplication/lab3_multiplication.srcs/constrs_1/imports/Desktop/NDDR4.xdc:113]
CRITICAL WARNING: [Common 17-55] 'set_property' expects at least one object. [/home/malak/vivadoprojects/lab3_multiplication/lab3_multiplication.srcs/constrs_1/imports/Desktop/NDDR4.xdc:113]
Resolution: If [get_<value>] was used to populate the object, check to make sure this command returns at least one valid object.
WARNING: [Vivado 12-584] No ports matched 'JB[9]'. [/home/malak/vivadoprojects/lab3_multiplication/lab3_multiplication.srcs/constrs_1/imports/Desktop/NDDR4.xdc:114]
CRITICAL WARNING: [Common 17-55] 'set_property' expects at least one object. [/home/malak/vivadoprojects/lab3_multiplication/lab3_multiplication.srcs/constrs_1/imports/Desktop/NDDR4.xdc:114]
Resolution: If [get_<value>] was used to populate the object, check to make sure this command returns at least one valid object.
WARNING: [Vivado 12-584] No ports matched 'JB[10]'. [/home/malak/vivadoprojects/lab3_multiplication/lab3_multiplication.srcs/constrs_1/imports/Desktop/NDDR4.xdc:115]
CRITICAL WARNING: [Common 17-55] 'set_property' expects at least one object. [/home/malak/vivadoprojects/lab3_multiplication/lab3_multiplication.srcs/constrs_1/imports/Desktop/NDDR4.xdc:115]
Resolution: If [get_<value>] was used to populate the object, check to make sure this command returns at least one valid object.
WARNING: [Vivado 12-584] No ports matched 'JC[1]'. [/home/malak/vivadoprojects/lab3_multiplication/lab3_multiplication.srcs/constrs_1/imports/Desktop/NDDR4.xdc:120]
CRITICAL WARNING: [Common 17-55] 'set_property' expects at least one object. [/home/malak/vivadoprojects/lab3_multiplication/lab3_multiplication.srcs/constrs_1/imports/Desktop/NDDR4.xdc:120]
Resolution: If [get_<value>] was used to populate the object, check to make sure this command returns at least one valid object.
WARNING: [Vivado 12-584] No ports matched 'JC[2]'. [/home/malak/vivadoprojects/lab3_multiplication/lab3_multiplication.srcs/constrs_1/imports/Desktop/NDDR4.xdc:121]
CRITICAL WARNING: [Common 17-55] 'set_property' expects at least one object. [/home/malak/vivadoprojects/lab3_multiplication/lab3_multiplication.srcs/constrs_1/imports/Desktop/NDDR4.xdc:121]
Resolution: If [get_<value>] was used to populate the object, check to make sure this command returns at least one valid object.
WARNING: [Vivado 12-584] No ports matched 'JC[3]'. [/home/malak/vivadoprojects/lab3_multiplication/lab3_multiplication.srcs/constrs_1/imports/Desktop/NDDR4.xdc:122]
CRITICAL WARNING: [Common 17-55] 'set_property' expects at least one object. [/home/malak/vivadoprojects/lab3_multiplication/lab3_multiplication.srcs/constrs_1/imports/Desktop/NDDR4.xdc:122]
Resolution: If [get_<value>] was used to populate the object, check to make sure this command returns at least one valid object.
WARNING: [Vivado 12-584] No ports matched 'JC[4]'. [/home/malak/vivadoprojects/lab3_multiplication/lab3_multiplication.srcs/constrs_1/imports/Desktop/NDDR4.xdc:123]
CRITICAL WARNING: [Common 17-55] 'set_property' expects at least one object. [/home/malak/vivadoprojects/lab3_multiplication/lab3_multiplication.srcs/constrs_1/imports/Desktop/NDDR4.xdc:123]
Resolution: If [get_<value>] was used to populate the object, check to make sure this command returns at least one valid object.
WARNING: [Vivado 12-584] No ports matched 'JC[7]'. [/home/malak/vivadoprojects/lab3_multiplication/lab3_multiplication.srcs/constrs_1/imports/Desktop/NDDR4.xdc:124]
CRITICAL WARNING: [Common 17-55] 'set_property' expects at least one object. [/home/malak/vivadoprojects/lab3_multiplication/lab3_multiplication.srcs/constrs_1/imports/Desktop/NDDR4.xdc:124]
Resolution: If [get_<value>] was used to populate the object, check to make sure this command returns at least one valid object.
WARNING: [Vivado 12-584] No ports matched 'JC[8]'. [/home/malak/vivadoprojects/lab3_multiplication/lab3_multiplication.srcs/constrs_1/imports/Desktop/NDDR4.xdc:125]
CRITICAL WARNING: [Common 17-55] 'set_property' expects at least one object. [/home/malak/vivadoprojects/lab3_multiplication/lab3_multiplication.srcs/constrs_1/imports/Desktop/NDDR4.xdc:125]
Resolution: If [get_<value>] was used to populate the object, check to make sure this command returns at least one valid object.
WARNING: [Vivado 12-584] No ports matched 'JC[9]'. [/home/malak/vivadoprojects/lab3_multiplication/lab3_multiplication.srcs/constrs_1/imports/Desktop/NDDR4.xdc:126]
CRITICAL WARNING: [Common 17-55] 'set_property' expects at least one object. [/home/malak/vivadoprojects/lab3_multiplication/lab3_multiplication.srcs/constrs_1/imports/Desktop/NDDR4.xdc:126]
Resolution: If [get_<value>] was used to populate the object, check to make sure this command returns at least one valid object.
WARNING: [Vivado 12-584] No ports matched 'JC[10]'. [/home/malak/vivadoprojects/lab3_multiplication/lab3_multiplication.srcs/constrs_1/imports/Desktop/NDDR4.xdc:127]
CRITICAL WARNING: [Common 17-55] 'set_property' expects at least one object. [/home/malak/vivadoprojects/lab3_multiplication/lab3_multiplication.srcs/constrs_1/imports/Desktop/NDDR4.xdc:127]
Resolution: If [get_<value>] was used to populate the object, check to make sure this command returns at least one valid object.
WARNING: [Vivado 12-584] No ports matched 'JD[1]'. [/home/malak/vivadoprojects/lab3_multiplication/lab3_multiplication.srcs/constrs_1/imports/Desktop/NDDR4.xdc:132]
CRITICAL WARNING: [Common 17-55] 'set_property' expects at least one object. [/home/malak/vivadoprojects/lab3_multiplication/lab3_multiplication.srcs/constrs_1/imports/Desktop/NDDR4.xdc:132]
Resolution: If [get_<value>] was used to populate the object, check to make sure this command returns at least one valid object.
WARNING: [Vivado 12-584] No ports matched 'JD[2]'. [/home/malak/vivadoprojects/lab3_multiplication/lab3_multiplication.srcs/constrs_1/imports/Desktop/NDDR4.xdc:133]
CRITICAL WARNING: [Common 17-55] 'set_property' expects at least one object. [/home/malak/vivadoprojects/lab3_multiplication/lab3_multiplication.srcs/constrs_1/imports/Desktop/NDDR4.xdc:133]
Resolution: If [get_<value>] was used to populate the object, check to make sure this command returns at least one valid object.
WARNING: [Vivado 12-584] No ports matched 'JD[3]'. [/home/malak/vivadoprojects/lab3_multiplication/lab3_multiplication.srcs/constrs_1/imports/Desktop/NDDR4.xdc:134]
CRITICAL WARNING: [Common 17-55] 'set_property' expects at least one object. [/home/malak/vivadoprojects/lab3_multiplication/lab3_multiplication.srcs/constrs_1/imports/Desktop/NDDR4.xdc:134]
Resolution: If [get_<value>] was used to populate the object, check to make sure this command returns at least one valid object.
WARNING: [Vivado 12-584] No ports matched 'JD[4]'. [/home/malak/vivadoprojects/lab3_multiplication/lab3_multiplication.srcs/constrs_1/imports/Desktop/NDDR4.xdc:135]
CRITICAL WARNING: [Common 17-55] 'set_property' expects at least one object. [/home/malak/vivadoprojects/lab3_multiplication/lab3_multiplication.srcs/constrs_1/imports/Desktop/NDDR4.xdc:135]
Resolution: If [get_<value>] was used to populate the object, check to make sure this command returns at least one valid object.
WARNING: [Vivado 12-584] No ports matched 'JD[7]'. [/home/malak/vivadoprojects/lab3_multiplication/lab3_multiplication.srcs/constrs_1/imports/Desktop/NDDR4.xdc:136]
CRITICAL WARNING: [Common 17-55] 'set_property' expects at least one object. [/home/malak/vivadoprojects/lab3_multiplication/lab3_multiplication.srcs/constrs_1/imports/Desktop/NDDR4.xdc:136]
Resolution: If [get_<value>] was used to populate the object, check to make sure this command returns at least one valid object.
WARNING: [Vivado 12-584] No ports matched 'JD[8]'. [/home/malak/vivadoprojects/lab3_multiplication/lab3_multiplication.srcs/constrs_1/imports/Desktop/NDDR4.xdc:137]
CRITICAL WARNING: [Common 17-55] 'set_property' expects at least one object. [/home/malak/vivadoprojects/lab3_multiplication/lab3_multiplication.srcs/constrs_1/imports/Desktop/NDDR4.xdc:137]
Resolution: If [get_<value>] was used to populate the object, check to make sure this command returns at least one valid object.
WARNING: [Vivado 12-584] No ports matched 'JD[9]'. [/home/malak/vivadoprojects/lab3_multiplication/lab3_multiplication.srcs/constrs_1/imports/Desktop/NDDR4.xdc:138]
CRITICAL WARNING: [Common 17-55] 'set_property' expects at least one object. [/home/malak/vivadoprojects/lab3_multiplication/lab3_multiplication.srcs/constrs_1/imports/Desktop/NDDR4.xdc:138]
Resolution: If [get_<value>] was used to populate the object, check to make sure this command returns at least one valid object.
WARNING: [Vivado 12-584] No ports matched 'JD[10]'. [/home/malak/vivadoprojects/lab3_multiplication/lab3_multiplication.srcs/constrs_1/imports/Desktop/NDDR4.xdc:139]
CRITICAL WARNING: [Common 17-55] 'set_property' expects at least one object. [/home/malak/vivadoprojects/lab3_multiplication/lab3_multiplication.srcs/constrs_1/imports/Desktop/NDDR4.xdc:139]
Resolution: If [get_<value>] was used to populate the object, check to make sure this command returns at least one valid object.
WARNING: [Vivado 12-584] No ports matched 'XA_N[1]'. [/home/malak/vivadoprojects/lab3_multiplication/lab3_multiplication.srcs/constrs_1/imports/Desktop/NDDR4.xdc:144]
CRITICAL WARNING: [Common 17-55] 'set_property' expects at least one object. [/home/malak/vivadoprojects/lab3_multiplication/lab3_multiplication.srcs/constrs_1/imports/Desktop/NDDR4.xdc:144]
Resolution: If [get_<value>] was used to populate the object, check to make sure this command returns at least one valid object.
WARNING: [Vivado 12-584] No ports matched 'XA_P[1]'. [/home/malak/vivadoprojects/lab3_multiplication/lab3_multiplication.srcs/constrs_1/imports/Desktop/NDDR4.xdc:145]
CRITICAL WARNING: [Common 17-55] 'set_property' expects at least one object. [/home/malak/vivadoprojects/lab3_multiplication/lab3_multiplication.srcs/constrs_1/imports/Desktop/NDDR4.xdc:145]
Resolution: If [get_<value>] was used to populate the object, check to make sure this command returns at least one valid object.
WARNING: [Vivado 12-584] No ports matched 'XA_N[2]'. [/home/malak/vivadoprojects/lab3_multiplication/lab3_multiplication.srcs/constrs_1/imports/Desktop/NDDR4.xdc:146]
CRITICAL WARNING: [Common 17-55] 'set_property' expects at least one object. [/home/malak/vivadoprojects/lab3_multiplication/lab3_multiplication.srcs/constrs_1/imports/Desktop/NDDR4.xdc:146]
Resolution: If [get_<value>] was used to populate the object, check to make sure this command returns at least one valid object.
WARNING: [Vivado 12-584] No ports matched 'XA_P[2]'. [/home/malak/vivadoprojects/lab3_multiplication/lab3_multiplication.srcs/constrs_1/imports/Desktop/NDDR4.xdc:147]
CRITICAL WARNING: [Common 17-55] 'set_property' expects at least one object. [/home/malak/vivadoprojects/lab3_multiplication/lab3_multiplication.srcs/constrs_1/imports/Desktop/NDDR4.xdc:147]
Resolution: If [get_<value>] was used to populate the object, check to make sure this command returns at least one valid object.
WARNING: [Vivado 12-584] No ports matched 'XA_N[3]'. [/home/malak/vivadoprojects/lab3_multiplication/lab3_multiplication.srcs/constrs_1/imports/Desktop/NDDR4.xdc:148]
CRITICAL WARNING: [Common 17-55] 'set_property' expects at least one object. [/home/malak/vivadoprojects/lab3_multiplication/lab3_multiplication.srcs/constrs_1/imports/Desktop/NDDR4.xdc:148]
Resolution: If [get_<value>] was used to populate the object, check to make sure this command returns at least one valid object.
WARNING: [Vivado 12-584] No ports matched 'XA_P[3]'. [/home/malak/vivadoprojects/lab3_multiplication/lab3_multiplication.srcs/constrs_1/imports/Desktop/NDDR4.xdc:149]
CRITICAL WARNING: [Common 17-55] 'set_property' expects at least one object. [/home/malak/vivadoprojects/lab3_multiplication/lab3_multiplication.srcs/constrs_1/imports/Desktop/NDDR4.xdc:149]
Resolution: If [get_<value>] was used to populate the object, check to make sure this command returns at least one valid object.
WARNING: [Vivado 12-584] No ports matched 'XA_N[4]'. [/home/malak/vivadoprojects/lab3_multiplication/lab3_multiplication.srcs/constrs_1/imports/Desktop/NDDR4.xdc:150]
CRITICAL WARNING: [Common 17-55] 'set_property' expects at least one object. [/home/malak/vivadoprojects/lab3_multiplication/lab3_multiplication.srcs/constrs_1/imports/Desktop/NDDR4.xdc:150]
Resolution: If [get_<value>] was used to populate the object, check to make sure this command returns at least one valid object.
WARNING: [Vivado 12-584] No ports matched 'XA_P[4]'. [/home/malak/vivadoprojects/lab3_multiplication/lab3_multiplication.srcs/constrs_1/imports/Desktop/NDDR4.xdc:151]
CRITICAL WARNING: [Common 17-55] 'set_property' expects at least one object. [/home/malak/vivadoprojects/lab3_multiplication/lab3_multiplication.srcs/constrs_1/imports/Desktop/NDDR4.xdc:151]
Resolution: If [get_<value>] was used to populate the object, check to make sure this command returns at least one valid object.
WARNING: [Vivado 12-584] No ports matched 'VGA_R[0]'. [/home/malak/vivadoprojects/lab3_multiplication/lab3_multiplication.srcs/constrs_1/imports/Desktop/NDDR4.xdc:156]
CRITICAL WARNING: [Common 17-55] 'set_property' expects at least one object. [/home/malak/vivadoprojects/lab3_multiplication/lab3_multiplication.srcs/constrs_1/imports/Desktop/NDDR4.xdc:156]
Resolution: If [get_<value>] was used to populate the object, check to make sure this command returns at least one valid object.
WARNING: [Vivado 12-584] No ports matched 'VGA_R[1]'. [/home/malak/vivadoprojects/lab3_multiplication/lab3_multiplication.srcs/constrs_1/imports/Desktop/NDDR4.xdc:157]
CRITICAL WARNING: [Common 17-55] 'set_property' expects at least one object. [/home/malak/vivadoprojects/lab3_multiplication/lab3_multiplication.srcs/constrs_1/imports/Desktop/NDDR4.xdc:157]
Resolution: If [get_<value>] was used to populate the object, check to make sure this command returns at least one valid object.
WARNING: [Vivado 12-584] No ports matched 'VGA_R[2]'. [/home/malak/vivadoprojects/lab3_multiplication/lab3_multiplication.srcs/constrs_1/imports/Desktop/NDDR4.xdc:158]
CRITICAL WARNING: [Common 17-55] 'set_property' expects at least one object. [/home/malak/vivadoprojects/lab3_multiplication/lab3_multiplication.srcs/constrs_1/imports/Desktop/NDDR4.xdc:158]
Resolution: If [get_<value>] was used to populate the object, check to make sure this command returns at least one valid object.
WARNING: [Vivado 12-584] No ports matched 'VGA_R[3]'. [/home/malak/vivadoprojects/lab3_multiplication/lab3_multiplication.srcs/constrs_1/imports/Desktop/NDDR4.xdc:159]
CRITICAL WARNING: [Common 17-55] 'set_property' expects at least one object. [/home/malak/vivadoprojects/lab3_multiplication/lab3_multiplication.srcs/constrs_1/imports/Desktop/NDDR4.xdc:159]
Resolution: If [get_<value>] was used to populate the object, check to make sure this command returns at least one valid object.
WARNING: [Vivado 12-584] No ports matched 'VGA_G[0]'. [/home/malak/vivadoprojects/lab3_multiplication/lab3_multiplication.srcs/constrs_1/imports/Desktop/NDDR4.xdc:161]
CRITICAL WARNING: [Common 17-55] 'set_property' expects at least one object. [/home/malak/vivadoprojects/lab3_multiplication/lab3_multiplication.srcs/constrs_1/imports/Desktop/NDDR4.xdc:161]
Resolution: If [get_<value>] was used to populate the object, check to make sure this command returns at least one valid object.
WARNING: [Vivado 12-584] No ports matched 'VGA_G[1]'. [/home/malak/vivadoprojects/lab3_multiplication/lab3_multiplication.srcs/constrs_1/imports/Desktop/NDDR4.xdc:162]
CRITICAL WARNING: [Common 17-55] 'set_property' expects at least one object. [/home/malak/vivadoprojects/lab3_multiplication/lab3_multiplication.srcs/constrs_1/imports/Desktop/NDDR4.xdc:162]
Resolution: If [get_<value>] was used to populate the object, check to make sure this command returns at least one valid object.
WARNING: [Vivado 12-584] No ports matched 'VGA_G[2]'. [/home/malak/vivadoprojects/lab3_multiplication/lab3_multiplication.srcs/constrs_1/imports/Desktop/NDDR4.xdc:163]
CRITICAL WARNING: [Common 17-55] 'set_property' expects at least one object. [/home/malak/vivadoprojects/lab3_multiplication/lab3_multiplication.srcs/constrs_1/imports/Desktop/NDDR4.xdc:163]
Resolution: If [get_<value>] was used to populate the object, check to make sure this command returns at least one valid object.
WARNING: [Vivado 12-584] No ports matched 'VGA_G[3]'. [/home/malak/vivadoprojects/lab3_multiplication/lab3_multiplication.srcs/constrs_1/imports/Desktop/NDDR4.xdc:164]
CRITICAL WARNING: [Common 17-55] 'set_property' expects at least one object. [/home/malak/vivadoprojects/lab3_multiplication/lab3_multiplication.srcs/constrs_1/imports/Desktop/NDDR4.xdc:164]
Resolution: If [get_<value>] was used to populate the object, check to make sure this command returns at least one valid object.
WARNING: [Vivado 12-584] No ports matched 'VGA_B[0]'. [/home/malak/vivadoprojects/lab3_multiplication/lab3_multiplication.srcs/constrs_1/imports/Desktop/NDDR4.xdc:166]
CRITICAL WARNING: [Common 17-55] 'set_property' expects at least one object. [/home/malak/vivadoprojects/lab3_multiplication/lab3_multiplication.srcs/constrs_1/imports/Desktop/NDDR4.xdc:166]
Resolution: If [get_<value>] was used to populate the object, check to make sure this command returns at least one valid object.
WARNING: [Vivado 12-584] No ports matched 'VGA_B[1]'. [/home/malak/vivadoprojects/lab3_multiplication/lab3_multiplication.srcs/constrs_1/imports/Desktop/NDDR4.xdc:167]
CRITICAL WARNING: [Common 17-55] 'set_property' expects at least one object. [/home/malak/vivadoprojects/lab3_multiplication/lab3_multiplication.srcs/constrs_1/imports/Desktop/NDDR4.xdc:167]
Resolution: If [get_<value>] was used to populate the object, check to make sure this command returns at least one valid object.
WARNING: [Vivado 12-584] No ports matched 'VGA_B[2]'. [/home/malak/vivadoprojects/lab3_multiplication/lab3_multiplication.srcs/constrs_1/imports/Desktop/NDDR4.xdc:168]
CRITICAL WARNING: [Common 17-55] 'set_property' expects at least one object. [/home/malak/vivadoprojects/lab3_multiplication/lab3_multiplication.srcs/constrs_1/imports/Desktop/NDDR4.xdc:168]
Resolution: If [get_<value>] was used to populate the object, check to make sure this command returns at least one valid object.
WARNING: [Vivado 12-584] No ports matched 'VGA_B[3]'. [/home/malak/vivadoprojects/lab3_multiplication/lab3_multiplication.srcs/constrs_1/imports/Desktop/NDDR4.xdc:169]
CRITICAL WARNING: [Common 17-55] 'set_property' expects at least one object. [/home/malak/vivadoprojects/lab3_multiplication/lab3_multiplication.srcs/constrs_1/imports/Desktop/NDDR4.xdc:169]
Resolution: If [get_<value>] was used to populate the object, check to make sure this command returns at least one valid object.
WARNING: [Vivado 12-584] No ports matched 'VGA_HS'. [/home/malak/vivadoprojects/lab3_multiplication/lab3_multiplication.srcs/constrs_1/imports/Desktop/NDDR4.xdc:171]
CRITICAL WARNING: [Common 17-55] 'set_property' expects at least one object. [/home/malak/vivadoprojects/lab3_multiplication/lab3_multiplication.srcs/constrs_1/imports/Desktop/NDDR4.xdc:171]
Resolution: If [get_<value>] was used to populate the object, check to make sure this command returns at least one valid object.
WARNING: [Vivado 12-584] No ports matched 'VGA_VS'. [/home/malak/vivadoprojects/lab3_multiplication/lab3_multiplication.srcs/constrs_1/imports/Desktop/NDDR4.xdc:172]
CRITICAL WARNING: [Common 17-55] 'set_property' expects at least one object. [/home/malak/vivadoprojects/lab3_multiplication/lab3_multiplication.srcs/constrs_1/imports/Desktop/NDDR4.xdc:172]
Resolution: If [get_<value>] was used to populate the object, check to make sure this command returns at least one valid object.
WARNING: [Vivado 12-584] No ports matched 'SD_RESET'. [/home/malak/vivadoprojects/lab3_multiplication/lab3_multiplication.srcs/constrs_1/imports/Desktop/NDDR4.xdc:177]
CRITICAL WARNING: [Common 17-55] 'set_property' expects at least one object. [/home/malak/vivadoprojects/lab3_multiplication/lab3_multiplication.srcs/constrs_1/imports/Desktop/NDDR4.xdc:177]
Resolution: If [get_<value>] was used to populate the object, check to make sure this command returns at least one valid object.
WARNING: [Vivado 12-584] No ports matched 'SD_CD'. [/home/malak/vivadoprojects/lab3_multiplication/lab3_multiplication.srcs/constrs_1/imports/Desktop/NDDR4.xdc:178]
CRITICAL WARNING: [Common 17-55] 'set_property' expects at least one object. [/home/malak/vivadoprojects/lab3_multiplication/lab3_multiplication.srcs/constrs_1/imports/Desktop/NDDR4.xdc:178]
Resolution: If [get_<value>] was used to populate the object, check to make sure this command returns at least one valid object.
WARNING: [Vivado 12-584] No ports matched 'SD_SCK'. [/home/malak/vivadoprojects/lab3_multiplication/lab3_multiplication.srcs/constrs_1/imports/Desktop/NDDR4.xdc:179]
CRITICAL WARNING: [Common 17-55] 'set_property' expects at least one object. [/home/malak/vivadoprojects/lab3_multiplication/lab3_multiplication.srcs/constrs_1/imports/Desktop/NDDR4.xdc:179]
Resolution: If [get_<value>] was used to populate the object, check to make sure this command returns at least one valid object.
WARNING: [Vivado 12-584] No ports matched 'SD_CMD'. [/home/malak/vivadoprojects/lab3_multiplication/lab3_multiplication.srcs/constrs_1/imports/Desktop/NDDR4.xdc:180]
CRITICAL WARNING: [Common 17-55] 'set_property' expects at least one object. [/home/malak/vivadoprojects/lab3_multiplication/lab3_multiplication.srcs/constrs_1/imports/Desktop/NDDR4.xdc:180]
Resolution: If [get_<value>] was used to populate the object, check to make sure this command returns at least one valid object.
WARNING: [Vivado 12-584] No ports matched 'SD_DAT[0]'. [/home/malak/vivadoprojects/lab3_multiplication/lab3_multiplication.srcs/constrs_1/imports/Desktop/NDDR4.xdc:181]
CRITICAL WARNING: [Common 17-55] 'set_property' expects at least one object. [/home/malak/vivadoprojects/lab3_multiplication/lab3_multiplication.srcs/constrs_1/imports/Desktop/NDDR4.xdc:181]
Resolution: If [get_<value>] was used to populate the object, check to make sure this command returns at least one valid object.
WARNING: [Vivado 12-584] No ports matched 'SD_DAT[1]'. [/home/malak/vivadoprojects/lab3_multiplication/lab3_multiplication.srcs/constrs_1/imports/Desktop/NDDR4.xdc:182]
CRITICAL WARNING: [Common 17-55] 'set_property' expects at least one object. [/home/malak/vivadoprojects/lab3_multiplication/lab3_multiplication.srcs/constrs_1/imports/Desktop/NDDR4.xdc:182]
Resolution: If [get_<value>] was used to populate the object, check to make sure this command returns at least one valid object.
WARNING: [Vivado 12-584] No ports matched 'SD_DAT[2]'. [/home/malak/vivadoprojects/lab3_multiplication/lab3_multiplication.srcs/constrs_1/imports/Desktop/NDDR4.xdc:183]
INFO: [Common 17-14] Message 'Vivado 12-584' appears 100 times and further instances of the messages will be disabled. Use the Tcl command set_msg_config to change the current settings. [/home/malak/vivadoprojects/lab3_multiplication/lab3_multiplication.srcs/constrs_1/imports/Desktop/NDDR4.xdc:183]
CRITICAL WARNING: [Common 17-55] 'set_property' expects at least one object. [/home/malak/vivadoprojects/lab3_multiplication/lab3_multiplication.srcs/constrs_1/imports/Desktop/NDDR4.xdc:183]
Resolution: If [get_<value>] was used to populate the object, check to make sure this command returns at least one valid object.
INFO: [Common 17-14] Message 'Common 17-55' appears 100 times and further instances of the messages will be disabled. Use the Tcl command set_msg_config to change the current settings. [/home/malak/vivadoprojects/lab3_multiplication/lab3_multiplication.srcs/constrs_1/imports/Desktop/NDDR4.xdc:183]
Finished Parsing XDC File [/home/malak/vivadoprojects/lab3_multiplication/lab3_multiplication.srcs/constrs_1/imports/Desktop/NDDR4.xdc]
INFO: [Opt 31-138] Pushed 0 inverter(s) to 0 load pin(s).
Netlist sorting complete. Time (s): cpu = 00:00:00 ; elapsed = 00:00:00 . Memory (MB): peak = 1925.176 ; gain = 0.000 ; free physical = 276 ; free virtual = 3988
INFO: [Project 1-111] Unisim Transformation Summary:
No Unisim elements were transformed.

9 Infos, 100 Warnings, 100 Critical Warnings and 0 Errors encountered.
link_design completed successfully
link_design: Time (s): cpu = 00:00:06 ; elapsed = 00:00:10 . Memory (MB): peak = 1931.113 ; gain = 420.410 ; free physical = 224 ; free virtual = 3952
Command: opt_design
Attempting to get a license for feature 'Implementation' and/or device 'xc7a100t'
INFO: [Common 17-349] Got license for feature 'Implementation' and/or device 'xc7a100t'
Running DRC as a precondition to command opt_design

Starting DRC Task
INFO: [DRC 23-27] Running DRC with 8 threads
INFO: [Project 1-461] DRC finished with 0 Errors
INFO: [Project 1-462] Please refer to the DRC report (report_drc) for more information.

Time (s): cpu = 00:00:02 ; elapsed = 00:00:02 . Memory (MB): peak = 2093.332 ; gain = 162.219 ; free physical = 181 ; free virtual = 3928

Starting Cache Timing Information Task
INFO: [Timing 38-35] Done setting XDC timing constraints.
Ending Cache Timing Information Task | Checksum: 20ec3d69a

Time (s): cpu = 00:00:07 ; elapsed = 00:00:10 . Memory (MB): peak = 2444.324 ; gain = 350.992 ; free physical = 176 ; free virtual = 3524

Starting Logic Optimization Task

Phase 1 Retarget
INFO: [Opt 31-138] Pushed 0 inverter(s) to 0 load pin(s).
INFO: [Opt 31-49] Retargeted 0 cell(s).
Phase 1 Retarget | Checksum: 20ec3d69a

Time (s): cpu = 00:00:00.02 ; elapsed = 00:00:00.07 . Memory (MB): peak = 2601.293 ; gain = 0.000 ; free physical = 144 ; free virtual = 3375
INFO: [Opt 31-389] Phase Retarget created 0 cells and removed 0 cells

Phase 2 Constant propagation
INFO: [Opt 31-138] Pushed 0 inverter(s) to 0 load pin(s).
Phase 2 Constant propagation | Checksum: 20ec3d69a

Time (s): cpu = 00:00:00.03 ; elapsed = 00:00:00.07 . Memory (MB): peak = 2601.293 ; gain = 0.000 ; free physical = 144 ; free virtual = 3375
INFO: [Opt 31-389] Phase Constant propagation created 0 cells and removed 0 cells

Phase 3 Sweep
Phase 3 Sweep | Checksum: 195e36296

Time (s): cpu = 00:00:00.03 ; elapsed = 00:00:00.09 . Memory (MB): peak = 2601.293 ; gain = 0.000 ; free physical = 144 ; free virtual = 3375
INFO: [Opt 31-389] Phase Sweep created 0 cells and removed 0 cells

Phase 4 BUFG optimization
INFO: [Opt 31-1112] Starts optimizing BUFG(s) with a common MMCM/DPLL/XPLL driver.
INFO: [Opt 31-1112] Starts optimizing BUFG(s) with a common driver.
INFO: [Opt 31-1092] Phase BUFG optimization transformed 0 BUFG(s) to MBUFG(s).
Phase 4 BUFG optimization | Checksum: 195e36296

Time (s): cpu = 00:00:00.03 ; elapsed = 00:00:00.09 . Memory (MB): peak = 2601.293 ; gain = 0.000 ; free physical = 144 ; free virtual = 3376
INFO: [Opt 31-662] Phase BUFG optimization created 0 cells of which 0 are BUFGs and removed 0 cells.

Phase 5 Shift Register Optimization
INFO: [Opt 31-1064] SRL Remap converted 0 SRLs to 0 registers and converted 0 registers of register chains to 0 SRLs
Phase 5 Shift Register Optimization | Checksum: 195e36296

Time (s): cpu = 00:00:00.03 ; elapsed = 00:00:00.09 . Memory (MB): peak = 2601.293 ; gain = 0.000 ; free physical = 144 ; free virtual = 3376
INFO: [Opt 31-389] Phase Shift Register Optimization created 0 cells and removed 0 cells

Phase 6 Post Processing Netlist
Phase 6 Post Processing Netlist | Checksum: 195e36296

Time (s): cpu = 00:00:00.03 ; elapsed = 00:00:00.09 . Memory (MB): peak = 2601.293 ; gain = 0.000 ; free physical = 144 ; free virtual = 3376
INFO: [Opt 31-389] Phase Post Processing Netlist created 0 cells and removed 0 cells
Opt_design Change Summary
=========================


-------------------------------------------------------------------------------------------------------------------------
|  Phase                        |  #Cells created  |  #Cells Removed  |  #Constrained objects preventing optimizations  |
-------------------------------------------------------------------------------------------------------------------------
|  Retarget                     |               0  |               0  |                                              0  |
|  Constant propagation         |               0  |               0  |                                              0  |
|  Sweep                        |               0  |               0  |                                              0  |
|  BUFG optimization            |               0  |               0  |                                              0  |
|  Shift Register Optimization  |               0  |               0  |                                              0  |
|  Post Processing Netlist      |               0  |               0  |                                              0  |
-------------------------------------------------------------------------------------------------------------------------



Starting Connectivity Check Task

Time (s): cpu = 00:00:00 ; elapsed = 00:00:00 . Memory (MB): peak = 2601.293 ; gain = 0.000 ; free physical = 145 ; free virtual = 3375
Ending Logic Optimization Task | Checksum: 1664b5c22

Time (s): cpu = 00:00:00.04 ; elapsed = 00:00:00.10 . Memory (MB): peak = 2601.293 ; gain = 0.000 ; free physical = 145 ; free virtual = 3375

Starting Power Optimization Task
INFO: [Pwropt 34-132] Skipping clock gating for clocks with a period < 2.00 ns.
Ending Power Optimization Task | Checksum: 1664b5c22

Time (s): cpu = 00:00:00.01 ; elapsed = 00:00:00.02 . Memory (MB): peak = 2601.293 ; gain = 0.000 ; free physical = 144 ; free virtual = 3375

Starting Final Cleanup Task
Ending Final Cleanup Task | Checksum: 1664b5c22

Time (s): cpu = 00:00:00 ; elapsed = 00:00:00 . Memory (MB): peak = 2601.293 ; gain = 0.000 ; free physical = 144 ; free virtual = 3375

Starting Netlist Obfuscation Task
Netlist sorting complete. Time (s): cpu = 00:00:00 ; elapsed = 00:00:00 . Memory (MB): peak = 2601.293 ; gain = 0.000 ; free physical = 144 ; free virtual = 3375
Ending Netlist Obfuscation Task | Checksum: 1664b5c22

Time (s): cpu = 00:00:00 ; elapsed = 00:00:00 . Memory (MB): peak = 2601.293 ; gain = 0.000 ; free physical = 144 ; free virtual = 3375
INFO: [Common 17-83] Releasing license: Implementation
29 Infos, 100 Warnings, 100 Critical Warnings and 0 Errors encountered.
opt_design completed successfully
opt_design: Time (s): cpu = 00:00:11 ; elapsed = 00:00:14 . Memory (MB): peak = 2601.293 ; gain = 670.180 ; free physical = 143 ; free virtual = 3375
Netlist sorting complete. Time (s): cpu = 00:00:00 ; elapsed = 00:00:00 . Memory (MB): peak = 2601.293 ; gain = 0.000 ; free physical = 143 ; free virtual = 3374
INFO: [Timing 38-480] Writing timing data to binary archive.
Writing placer database...
Writing XDEF routing.
Writing XDEF routing logical nets.
Writing XDEF routing special nets.
Write XDEF Complete: Time (s): cpu = 00:00:00.05 ; elapsed = 00:00:00.01 . Memory (MB): peak = 2633.309 ; gain = 0.000 ; free physical = 140 ; free virtual = 3372
INFO: [Common 17-1381] The checkpoint '/home/malak/vivadoprojects/lab3_multiplication/lab3_multiplication.runs/impl_1/mult4_top_opt.dcp' has been generated.
INFO: [runtcl-4] Executing : report_drc -file mult4_top_drc_opted.rpt -pb mult4_top_drc_opted.pb -rpx mult4_top_drc_opted.rpx
Command: report_drc -file mult4_top_drc_opted.rpt -pb mult4_top_drc_opted.pb -rpx mult4_top_drc_opted.rpx
INFO: [IP_Flow 19-234] Refreshing IP repositories
INFO: [IP_Flow 19-1704] No user IP repositories specified
INFO: [IP_Flow 19-2313] Loaded Vivado IP repository '/tools/Xilinx/Vivado/2019.2/data/ip'.
INFO: [DRC 23-27] Running DRC with 8 threads
INFO: [Coretcl 2-168] The results of DRC are in file /home/malak/vivadoprojects/lab3_multiplication/lab3_multiplication.runs/impl_1/mult4_top_drc_opted.rpt.
report_drc completed successfully
Command: place_design
Attempting to get a license for feature 'Implementation' and/or device 'xc7a100t'
INFO: [Common 17-349] Got license for feature 'Implementation' and/or device 'xc7a100t'
INFO: [DRC 23-27] Running DRC with 8 threads
INFO: [Vivado_Tcl 4-198] DRC finished with 0 Errors
INFO: [Vivado_Tcl 4-199] Please refer to the DRC report (report_drc) for more information.
Running DRC as a precondition to command place_design
INFO: [DRC 23-27] Running DRC with 8 threads
INFO: [Vivado_Tcl 4-198] DRC finished with 0 Errors
INFO: [Vivado_Tcl 4-199] Please refer to the DRC report (report_drc) for more information.

Starting Placer Task
INFO: [Place 30-611] Multithreading enabled for place_design using a maximum of 8 CPUs

Phase 1 Placer Initialization

Phase 1.1 Placer Initialization Netlist Sorting
Netlist sorting complete. Time (s): cpu = 00:00:00 ; elapsed = 00:00:00 . Memory (MB): peak = 2758.941 ; gain = 0.000 ; free physical = 130 ; free virtual = 3396
Phase 1.1 Placer Initialization Netlist Sorting | Checksum: daf1e7f0

Time (s): cpu = 00:00:00.02 ; elapsed = 00:00:00.05 . Memory (MB): peak = 2758.941 ; gain = 0.000 ; free physical = 130 ; free virtual = 3396
Netlist sorting complete. Time (s): cpu = 00:00:00 ; elapsed = 00:00:00 . Memory (MB): peak = 2758.941 ; gain = 0.000 ; free physical = 130 ; free virtual = 3396

Phase 1.2 IO Placement/ Clock Placement/ Build Placer Device
INFO: [Timing 38-35] Done setting XDC timing constraints.
Phase 1.2 IO Placement/ Clock Placement/ Build Placer Device | Checksum: 8ce9fa28

Time (s): cpu = 00:00:00.68 ; elapsed = 00:00:00.36 . Memory (MB): peak = 2758.941 ; gain = 0.000 ; free physical = 117 ; free virtual = 3366

Phase 1.3 Build Placer Netlist Model
Phase 1.3 Build Placer Netlist Model | Checksum: bfb393ff

Time (s): cpu = 00:00:01 ; elapsed = 00:00:00.46 . Memory (MB): peak = 2758.941 ; gain = 0.000 ; free physical = 139 ; free virtual = 3369

Phase 1.4 Constrain Clocks/Macros
Phase 1.4 Constrain Clocks/Macros | Checksum: bfb393ff

Time (s): cpu = 00:00:01 ; elapsed = 00:00:00.47 . Memory (MB): peak = 2758.941 ; gain = 0.000 ; free physical = 139 ; free virtual = 3369
Phase 1 Placer Initialization | Checksum: bfb393ff

Time (s): cpu = 00:00:01 ; elapsed = 00:00:00.47 . Memory (MB): peak = 2758.941 ; gain = 0.000 ; free physical = 139 ; free virtual = 3369

Phase 2 Global Placement

Phase 2.1 Floorplanning
Phase 2.1 Floorplanning | Checksum: bfb393ff

Time (s): cpu = 00:00:01 ; elapsed = 00:00:00.47 . Memory (MB): peak = 2758.941 ; gain = 0.000 ; free physical = 138 ; free virtual = 3369

Phase 2.2 Global Placement Core
WARNING: [Place 46-29] place_design is not in timing mode. Skip physical synthesis in placer
Phase 2.2 Global Placement Core | Checksum: c965cf98

Time (s): cpu = 00:00:03 ; elapsed = 00:00:00.90 . Memory (MB): peak = 2758.941 ; gain = 0.000 ; free physical = 150 ; free virtual = 3396
Phase 2 Global Placement | Checksum: c965cf98

Time (s): cpu = 00:00:03 ; elapsed = 00:00:00.90 . Memory (MB): peak = 2758.941 ; gain = 0.000 ; free physical = 150 ; free virtual = 3396

Phase 3 Detail Placement

Phase 3.1 Commit Multi Column Macros
Phase 3.1 Commit Multi Column Macros | Checksum: c965cf98

Time (s): cpu = 00:00:03 ; elapsed = 00:00:00.91 . Memory (MB): peak = 2758.941 ; gain = 0.000 ; free physical = 150 ; free virtual = 3396

Phase 3.2 Commit Most Macros & LUTRAMs
Phase 3.2 Commit Most Macros & LUTRAMs | Checksum: 1f1e2173c

Time (s): cpu = 00:00:03 ; elapsed = 00:00:00.92 . Memory (MB): peak = 2758.941 ; gain = 0.000 ; free physical = 149 ; free virtual = 3395

Phase 3.3 Area Swap Optimization
Phase 3.3 Area Swap Optimization | Checksum: 18c58f32e

Time (s): cpu = 00:00:03 ; elapsed = 00:00:00.93 . Memory (MB): peak = 2758.941 ; gain = 0.000 ; free physical = 149 ; free virtual = 3395

Phase 3.4 Pipeline Register Optimization
Phase 3.4 Pipeline Register Optimization | Checksum: 18c58f32e

Time (s): cpu = 00:00:03 ; elapsed = 00:00:00.93 . Memory (MB): peak = 2758.941 ; gain = 0.000 ; free physical = 149 ; free virtual = 3395

Phase 3.5 Small Shape Detail Placement
Phase 3.5 Small Shape Detail Placement | Checksum: 454048c8

Time (s): cpu = 00:00:04 ; elapsed = 00:00:01 . Memory (MB): peak = 2758.941 ; gain = 0.000 ; free physical = 143 ; free virtual = 3393

Phase 3.6 Re-assign LUT pins
Phase 3.6 Re-assign LUT pins | Checksum: 552284f7

Time (s): cpu = 00:00:04 ; elapsed = 00:00:01 . Memory (MB): peak = 2758.941 ; gain = 0.000 ; free physical = 143 ; free virtual = 3393

Phase 3.7 Pipeline Register Optimization
Phase 3.7 Pipeline Register Optimization | Checksum: 552284f7

Time (s): cpu = 00:00:04 ; elapsed = 00:00:01 . Memory (MB): peak = 2758.941 ; gain = 0.000 ; free physical = 143 ; free virtual = 3393
Phase 3 Detail Placement | Checksum: 552284f7

Time (s): cpu = 00:00:04 ; elapsed = 00:00:01 . Memory (MB): peak = 2758.941 ; gain = 0.000 ; free physical = 143 ; free virtual = 3393

Phase 4 Post Placement Optimization and Clean-Up

Phase 4.1 Post Commit Optimization
Phase 4.1 Post Commit Optimization | Checksum: 552284f7

Time (s): cpu = 00:00:04 ; elapsed = 00:00:01 . Memory (MB): peak = 2758.941 ; gain = 0.000 ; free physical = 143 ; free virtual = 3393

Phase 4.2 Post Placement Cleanup
Phase 4.2 Post Placement Cleanup | Checksum: 552284f7

Time (s): cpu = 00:00:04 ; elapsed = 00:00:01 . Memory (MB): peak = 2758.941 ; gain = 0.000 ; free physical = 144 ; free virtual = 3395

Phase 4.3 Placer Reporting
Phase 4.3 Placer Reporting | Checksum: 552284f7

Time (s): cpu = 00:00:04 ; elapsed = 00:00:01 . Memory (MB): peak = 2758.941 ; gain = 0.000 ; free physical = 144 ; free virtual = 3395

Phase 4.4 Final Placement Cleanup
Netlist sorting complete. Time (s): cpu = 00:00:00.02 ; elapsed = 00:00:00.01 . Memory (MB): peak = 2758.941 ; gain = 0.000 ; free physical = 144 ; free virtual = 3395
Phase 4.4 Final Placement Cleanup | Checksum: 552284f7

Time (s): cpu = 00:00:04 ; elapsed = 00:00:01 . Memory (MB): peak = 2758.941 ; gain = 0.000 ; free physical = 144 ; free virtual = 3395
Phase 4 Post Placement Optimization and Clean-Up | Checksum: 552284f7

Time (s): cpu = 00:00:04 ; elapsed = 00:00:01 . Memory (MB): peak = 2758.941 ; gain = 0.000 ; free physical = 144 ; free virtual = 3395
Ending Placer Task | Checksum: 4ecee7f9

Time (s): cpu = 00:00:04 ; elapsed = 00:00:01 . Memory (MB): peak = 2758.941 ; gain = 0.000 ; free physical = 144 ; free virtual = 3395
INFO: [Common 17-83] Releasing license: Implementation
47 Infos, 101 Warnings, 100 Critical Warnings and 0 Errors encountered.
place_design completed successfully
Netlist sorting complete. Time (s): cpu = 00:00:00 ; elapsed = 00:00:00 . Memory (MB): peak = 2758.941 ; gain = 0.000 ; free physical = 161 ; free virtual = 3411
INFO: [Timing 38-480] Writing timing data to binary archive.
Writing placer database...
Writing XDEF routing.
Writing XDEF routing logical nets.
Writing XDEF routing special nets.
Write XDEF Complete: Time (s): cpu = 00:00:00.03 ; elapsed = 00:00:00.01 . Memory (MB): peak = 2758.941 ; gain = 0.000 ; free physical = 161 ; free virtual = 3413
INFO: [Common 17-1381] The checkpoint '/home/malak/vivadoprojects/lab3_multiplication/lab3_multiplication.runs/impl_1/mult4_top_placed.dcp' has been generated.
INFO: [runtcl-4] Executing : report_io -file mult4_top_io_placed.rpt
report_io: Time (s): cpu = 00:00:00.11 ; elapsed = 00:00:00.16 . Memory (MB): peak = 2758.941 ; gain = 0.000 ; free physical = 161 ; free virtual = 3391
INFO: [runtcl-4] Executing : report_utilization -file mult4_top_utilization_placed.rpt -pb mult4_top_utilization_placed.pb
INFO: [runtcl-4] Executing : report_control_sets -verbose -file mult4_top_control_sets_placed.rpt
report_control_sets: Time (s): cpu = 00:00:00.07 ; elapsed = 00:00:00.11 . Memory (MB): peak = 2758.941 ; gain = 0.000 ; free physical = 168 ; free virtual = 3397
Command: phys_opt_design
Attempting to get a license for feature 'Implementation' and/or device 'xc7a100t'
INFO: [Common 17-349] Got license for feature 'Implementation' and/or device 'xc7a100t'
INFO: [Timing 38-35] Done setting XDC timing constraints.
INFO: [Vivado_Tcl 4-383] Design worst setup slack (WNS) is greater than or equal to 0.250 ns. Skipping all physical synthesis optimizations.
INFO: [Vivado_Tcl 4-232] No setup violation found. The netlist was not modified.
INFO: [Common 17-83] Releasing license: Implementation
57 Infos, 101 Warnings, 100 Critical Warnings and 0 Errors encountered.
phys_opt_design completed successfully
Netlist sorting complete. Time (s): cpu = 00:00:00 ; elapsed = 00:00:00 . Memory (MB): peak = 2758.941 ; gain = 0.000 ; free physical = 168 ; free virtual = 3396
INFO: [Timing 38-480] Writing timing data to binary archive.
Writing placer database...
Writing XDEF routing.
Writing XDEF routing logical nets.
Writing XDEF routing special nets.
Write XDEF Complete: Time (s): cpu = 00:00:00.06 ; elapsed = 00:00:00.02 . Memory (MB): peak = 2758.941 ; gain = 0.000 ; free physical = 166 ; free virtual = 3396
INFO: [Common 17-1381] The checkpoint '/home/malak/vivadoprojects/lab3_multiplication/lab3_multiplication.runs/impl_1/mult4_top_physopt.dcp' has been generated.
Command: route_design
Attempting to get a license for feature 'Implementation' and/or device 'xc7a100t'
INFO: [Common 17-349] Got license for feature 'Implementation' and/or device 'xc7a100t'
Running DRC as a precondition to command route_design
INFO: [DRC 23-27] Running DRC with 8 threads
INFO: [Vivado_Tcl 4-198] DRC finished with 0 Errors
INFO: [Vivado_Tcl 4-199] Please refer to the DRC report (report_drc) for more information.


Starting Routing Task
INFO: [Route 35-254] Multithreading enabled for route_design using a maximum of 8 CPUs
Checksum: PlaceDB: 1f05f4b4 ConstDB: 0 ShapeSum: 2fc8f345 RouteDB: 0

Phase 1 Build RT Design
Phase 1 Build RT Design | Checksum: 7e2fc1ac

Time (s): cpu = 00:00:21 ; elapsed = 00:00:17 . Memory (MB): peak = 2790.266 ; gain = 0.000 ; free physical = 125 ; free virtual = 3311
Post Restoration Checksum: NetGraph: 3d5a2eee NumContArr: 40d592be Constraints: 0 Timing: 0

Phase 2 Router Initialization

Phase 2.1 Create Timer
Phase 2.1 Create Timer | Checksum: 7e2fc1ac

Time (s): cpu = 00:00:21 ; elapsed = 00:00:17 . Memory (MB): peak = 2790.266 ; gain = 0.000 ; free physical = 118 ; free virtual = 3288

Phase 2.2 Fix Topology Constraints
Phase 2.2 Fix Topology Constraints | Checksum: 7e2fc1ac

Time (s): cpu = 00:00:21 ; elapsed = 00:00:17 . Memory (MB): peak = 2815.211 ; gain = 24.945 ; free physical = 125 ; free virtual = 3242

Phase 2.3 Pre Route Cleanup
Phase 2.3 Pre Route Cleanup | Checksum: 7e2fc1ac

Time (s): cpu = 00:00:21 ; elapsed = 00:00:17 . Memory (MB): peak = 2815.211 ; gain = 24.945 ; free physical = 125 ; free virtual = 3242
 Number of Nodes with overlaps = 0

Phase 2.4 Update Timing
Phase 2.4 Update Timing | Checksum: bdf3b32b

Time (s): cpu = 00:00:22 ; elapsed = 00:00:18 . Memory (MB): peak = 2830.500 ; gain = 40.234 ; free physical = 232 ; free virtual = 3270
INFO: [Route 35-416] Intermediate Timing Summary | WNS=7.626  | TNS=0.000  | WHS=0.002  | THS=0.000  |

Phase 2 Router Initialization | Checksum: 113d05a66

Time (s): cpu = 00:00:22 ; elapsed = 00:00:18 . Memory (MB): peak = 2830.500 ; gain = 40.234 ; free physical = 231 ; free virtual = 3269

Router Utilization Summary
  Global Vertical Routing Utilization    = 0 %
  Global Horizontal Routing Utilization  = 0 %
  Routable Net Status*
  *Does not include unroutable nets such as driverless and loadless.
  Run report_route_status for detailed report.
  Number of Failed Nets               = 65
    (Failed Nets is the sum of unrouted and partially routed nets)
  Number of Unrouted Nets             = 65
  Number of Partially Routed Nets     = 0
  Number of Node Overlaps             = 0


Phase 3 Initial Routing
Phase 3 Initial Routing | Checksum: 1e0b20440

Time (s): cpu = 00:00:22 ; elapsed = 00:00:18 . Memory (MB): peak = 2835.770 ; gain = 45.504 ; free physical = 230 ; free virtual = 3268

Phase 4 Rip-up And Reroute

Phase 4.1 Global Iteration 0
 Number of Nodes with overlaps = 3
 Number of Nodes with overlaps = 0
INFO: [Route 35-416] Intermediate Timing Summary | WNS=7.342  | TNS=0.000  | WHS=N/A    | THS=N/A    |

Phase 4.1 Global Iteration 0 | Checksum: 2303f86c8

Time (s): cpu = 00:00:22 ; elapsed = 00:00:18 . Memory (MB): peak = 2835.770 ; gain = 45.504 ; free physical = 231 ; free virtual = 3269
Phase 4 Rip-up And Reroute | Checksum: 2303f86c8

Time (s): cpu = 00:00:22 ; elapsed = 00:00:18 . Memory (MB): peak = 2835.770 ; gain = 45.504 ; free physical = 231 ; free virtual = 3269

Phase 5 Delay and Skew Optimization

Phase 5.1 Delay CleanUp
Phase 5.1 Delay CleanUp | Checksum: 2303f86c8

Time (s): cpu = 00:00:22 ; elapsed = 00:00:18 . Memory (MB): peak = 2835.770 ; gain = 45.504 ; free physical = 231 ; free virtual = 3269

Phase 5.2 Clock Skew Optimization
Phase 5.2 Clock Skew Optimization | Checksum: 2303f86c8

Time (s): cpu = 00:00:22 ; elapsed = 00:00:18 . Memory (MB): peak = 2835.770 ; gain = 45.504 ; free physical = 231 ; free virtual = 3269
Phase 5 Delay and Skew Optimization | Checksum: 2303f86c8

Time (s): cpu = 00:00:22 ; elapsed = 00:00:18 . Memory (MB): peak = 2835.770 ; gain = 45.504 ; free physical = 231 ; free virtual = 3269

Phase 6 Post Hold Fix

Phase 6.1 Hold Fix Iter

Phase 6.1.1 Update Timing
Phase 6.1.1 Update Timing | Checksum: 252ebe879

Time (s): cpu = 00:00:22 ; elapsed = 00:00:18 . Memory (MB): peak = 2835.770 ; gain = 45.504 ; free physical = 231 ; free virtual = 3269
INFO: [Route 35-416] Intermediate Timing Summary | WNS=7.437  | TNS=0.000  | WHS=0.309  | THS=0.000  |

Phase 6.1 Hold Fix Iter | Checksum: 252ebe879

Time (s): cpu = 00:00:22 ; elapsed = 00:00:18 . Memory (MB): peak = 2835.770 ; gain = 45.504 ; free physical = 231 ; free virtual = 3269
Phase 6 Post Hold Fix | Checksum: 252ebe879

Time (s): cpu = 00:00:22 ; elapsed = 00:00:18 . Memory (MB): peak = 2835.770 ; gain = 45.504 ; free physical = 231 ; free virtual = 3269

Phase 7 Route finalize

Router Utilization Summary
  Global Vertical Routing Utilization    = 0.0164077 %
  Global Horizontal Routing Utilization  = 0.0127167 %
  Routable Net Status*
  *Does not include unroutable nets such as driverless and loadless.
  Run report_route_status for detailed report.
  Number of Failed Nets               = 0
    (Failed Nets is the sum of unrouted and partially routed nets)
  Number of Unrouted Nets             = 0
  Number of Partially Routed Nets     = 0
  Number of Node Overlaps             = 0

Phase 7 Route finalize | Checksum: 252ebe879

Time (s): cpu = 00:00:22 ; elapsed = 00:00:18 . Memory (MB): peak = 2835.770 ; gain = 45.504 ; free physical = 231 ; free virtual = 3269

Phase 8 Verifying routed nets

 Verification completed successfully
Phase 8 Verifying routed nets | Checksum: 252ebe879

Time (s): cpu = 00:00:22 ; elapsed = 00:00:18 . Memory (MB): peak = 2835.770 ; gain = 45.504 ; free physical = 229 ; free virtual = 3267

Phase 9 Depositing Routes
Phase 9 Depositing Routes | Checksum: 229d5c4fe

Time (s): cpu = 00:00:22 ; elapsed = 00:00:18 . Memory (MB): peak = 2835.770 ; gain = 45.504 ; free physical = 229 ; free virtual = 3267

Phase 10 Post Router Timing
INFO: [Route 35-57] Estimated Timing Summary | WNS=7.437  | TNS=0.000  | WHS=0.309  | THS=0.000  |

INFO: [Route 35-327] The final timing numbers are based on the router estimated timing analysis. For a complete and accurate timing signoff, please run report_timing_summary.
Phase 10 Post Router Timing | Checksum: 229d5c4fe

Time (s): cpu = 00:00:22 ; elapsed = 00:00:18 . Memory (MB): peak = 2835.770 ; gain = 45.504 ; free physical = 229 ; free virtual = 3268
INFO: [Route 35-16] Router Completed Successfully

Time (s): cpu = 00:00:22 ; elapsed = 00:00:18 . Memory (MB): peak = 2835.770 ; gain = 45.504 ; free physical = 264 ; free virtual = 3302

Routing Is Done.
INFO: [Common 17-83] Releasing license: Implementation
71 Infos, 101 Warnings, 100 Critical Warnings and 0 Errors encountered.
route_design completed successfully
route_design: Time (s): cpu = 00:00:24 ; elapsed = 00:00:20 . Memory (MB): peak = 2835.770 ; gain = 76.828 ; free physical = 261 ; free virtual = 3310
Netlist sorting complete. Time (s): cpu = 00:00:00 ; elapsed = 00:00:00 . Memory (MB): peak = 2835.770 ; gain = 0.000 ; free physical = 261 ; free virtual = 3310
INFO: [Timing 38-480] Writing timing data to binary archive.
Writing placer database...
Writing XDEF routing.
Writing XDEF routing logical nets.
Writing XDEF routing special nets.
Write XDEF Complete: Time (s): cpu = 00:00:00.03 ; elapsed = 00:00:00.02 . Memory (MB): peak = 2835.770 ; gain = 0.000 ; free physical = 260 ; free virtual = 3310
INFO: [Common 17-1381] The checkpoint '/home/malak/vivadoprojects/lab3_multiplication/lab3_multiplication.runs/impl_1/mult4_top_routed.dcp' has been generated.
INFO: [runtcl-4] Executing : report_drc -file mult4_top_drc_routed.rpt -pb mult4_top_drc_routed.pb -rpx mult4_top_drc_routed.rpx
Command: report_drc -file mult4_top_drc_routed.rpt -pb mult4_top_drc_routed.pb -rpx mult4_top_drc_routed.rpx
INFO: [IP_Flow 19-1839] IP Catalog is up to date.
INFO: [DRC 23-27] Running DRC with 8 threads
INFO: [Coretcl 2-168] The results of DRC are in file /home/malak/vivadoprojects/lab3_multiplication/lab3_multiplication.runs/impl_1/mult4_top_drc_routed.rpt.
report_drc completed successfully
INFO: [runtcl-4] Executing : report_methodology -file mult4_top_methodology_drc_routed.rpt -pb mult4_top_methodology_drc_routed.pb -rpx mult4_top_methodology_drc_routed.rpx
Command: report_methodology -file mult4_top_methodology_drc_routed.rpt -pb mult4_top_methodology_drc_routed.pb -rpx mult4_top_methodology_drc_routed.rpx
INFO: [Timing 38-35] Done setting XDC timing constraints.
INFO: [DRC 23-133] Running Methodology with 8 threads
INFO: [Coretcl 2-1520] The results of Report Methodology are in file /home/malak/vivadoprojects/lab3_multiplication/lab3_multiplication.runs/impl_1/mult4_top_methodology_drc_routed.rpt.
report_methodology completed successfully
INFO: [runtcl-4] Executing : report_power -file mult4_top_power_routed.rpt -pb mult4_top_power_summary_routed.pb -rpx mult4_top_power_routed.rpx
Command: report_power -file mult4_top_power_routed.rpt -pb mult4_top_power_summary_routed.pb -rpx mult4_top_power_routed.rpx
INFO: [Timing 38-35] Done setting XDC timing constraints.
Running Vector-less Activity Propagation...

Finished Running Vector-less Activity Propagation
83 Infos, 101 Warnings, 100 Critical Warnings and 0 Errors encountered.
report_power completed successfully
INFO: [runtcl-4] Executing : report_route_status -file mult4_top_route_status.rpt -pb mult4_top_route_status.pb
INFO: [runtcl-4] Executing : report_timing_summary -max_paths 10 -file mult4_top_timing_summary_routed.rpt -pb mult4_top_timing_summary_routed.pb -rpx mult4_top_timing_summary_routed.rpx -warn_on_violation 
INFO: [Timing 38-91] UpdateTimingParams: Speed grade: -1, Delay Type: min_max.
INFO: [Timing 38-191] Multithreading enabled for timing update using a maximum of 8 CPUs
INFO: [runtcl-4] Executing : report_incremental_reuse -file mult4_top_incremental_reuse_routed.rpt
INFO: [Vivado_Tcl 4-1062] Incremental flow is disabled. No incremental reuse Info to report.
INFO: [runtcl-4] Executing : report_clock_utilization -file mult4_top_clock_utilization_routed.rpt
INFO: [runtcl-4] Executing : report_bus_skew -warn_on_violation -file mult4_top_bus_skew_routed.rpt -pb mult4_top_bus_skew_routed.pb -rpx mult4_top_bus_skew_routed.rpx
INFO: [Timing 38-91] UpdateTimingParams: Speed grade: -1, Delay Type: min_max.
INFO: [Timing 38-191] Multithreading enabled for timing update using a maximum of 8 CPUs
INFO: [Common 17-206] Exiting Vivado at Mon Apr 13 21:51:02 2020...

*** Running vivado
    with args -log mult4_top.vdi -applog -m64 -product Vivado -messageDb vivado.pb -mode batch -source mult4_top.tcl -notrace


****** Vivado v2019.2 (64-bit)
  **** SW Build 2708876 on Wed Nov  6 21:39:14 MST 2019
  **** IP Build 2700528 on Thu Nov  7 00:09:20 MST 2019
    ** Copyright 1986-2019 Xilinx, Inc. All Rights Reserved.

source mult4_top.tcl -notrace
Command: open_checkpoint mult4_top_routed.dcp

Starting open_checkpoint Task

Time (s): cpu = 00:00:00.07 ; elapsed = 00:00:00.11 . Memory (MB): peak = 1472.441 ; gain = 0.000 ; free physical = 1349 ; free virtual = 4541
INFO: [Device 21-403] Loading part xc7a100tcsg324-1
Netlist sorting complete. Time (s): cpu = 00:00:00 ; elapsed = 00:00:00 . Memory (MB): peak = 1774.477 ; gain = 0.000 ; free physical = 983 ; free virtual = 4178
INFO: [Netlist 29-17] Analyzing 5 Unisim elements for replacement
INFO: [Netlist 29-28] Unisim Transformation completed in 0 CPU seconds
INFO: [Project 1-479] Netlist was created with Vivado 2019.2
INFO: [Project 1-570] Preparing netlist for logic optimization
INFO: [Timing 38-478] Restoring timing data from binary archive.
INFO: [Timing 38-479] Binary timing data restore complete.
INFO: [Project 1-856] Restoring constraints from binary archive.
INFO: [Project 1-853] Binary constraint restore complete.
Reading XDEF placement.
Reading placer database...
Reading XDEF routing.
Read XDEF File: Time (s): cpu = 00:00:00.10 ; elapsed = 00:00:00.16 . Memory (MB): peak = 2389.395 ; gain = 7.938 ; free physical = 420 ; free virtual = 3662
Restored from archive | CPU: 0.160000 secs | Memory: 1.151596 MB |
Finished XDEF File Restore: Time (s): cpu = 00:00:00.10 ; elapsed = 00:00:00.16 . Memory (MB): peak = 2389.395 ; gain = 7.938 ; free physical = 420 ; free virtual = 3662
Netlist sorting complete. Time (s): cpu = 00:00:00 ; elapsed = 00:00:00 . Memory (MB): peak = 2389.395 ; gain = 0.000 ; free physical = 420 ; free virtual = 3662
INFO: [Project 1-111] Unisim Transformation Summary:
No Unisim elements were transformed.

INFO: [Project 1-604] Checkpoint was created with Vivado v2019.2 (64-bit) build 2708876
open_checkpoint: Time (s): cpu = 00:00:14 ; elapsed = 00:00:22 . Memory (MB): peak = 2389.395 ; gain = 916.953 ; free physical = 420 ; free virtual = 3662
Command: write_bitstream -force mult4_top.bit
Attempting to get a license for feature 'Implementation' and/or device 'xc7a100t'
INFO: [Common 17-349] Got license for feature 'Implementation' and/or device 'xc7a100t'
Running DRC as a precondition to command write_bitstream
INFO: [IP_Flow 19-234] Refreshing IP repositories
INFO: [IP_Flow 19-1704] No user IP repositories specified
INFO: [IP_Flow 19-2313] Loaded Vivado IP repository '/tools/Xilinx/Vivado/2019.2/data/ip'.
INFO: [DRC 23-27] Running DRC with 8 threads
WARNING: [DRC CFGBVS-1] Missing CFGBVS and CONFIG_VOLTAGE Design Properties: Neither the CFGBVS nor CONFIG_VOLTAGE voltage property is set in the current_design.  Configuration bank voltage select (CFGBVS) must be set to VCCO or GND, and CONFIG_VOLTAGE must be set to the correct configuration voltage, in order to determine the I/O voltage support for the pins in bank 0.  It is suggested to specify these either using the 'Edit Device Properties' function in the GUI or directly in the XDC file using the following syntax:

 set_property CFGBVS value1 [current_design]
 #where value1 is either VCCO or GND

 set_property CONFIG_VOLTAGE value2 [current_design]
 #where value2 is the voltage provided to configuration bank 0

Refer to the device configuration user guide for more information.
INFO: [Vivado 12-3199] DRC finished with 0 Errors, 1 Warnings
INFO: [Vivado 12-3200] Please refer to the DRC report (report_drc) for more information.
INFO: [Designutils 20-2272] Running write_bitstream with 8 threads.
Loading data files...
Loading site data...
Loading route data...
Processing options...
Creating bitmap...
Creating bitstream...
Writing bitstream ./mult4_top.bit...
INFO: [Vivado 12-1842] Bitgen Completed Successfully.
INFO: [Project 1-120] WebTalk data collection is mandatory when using a WebPACK part without a full Vivado license. To see the specific WebTalk data collected for your design, open the usage_statistics_webtalk.html or usage_statistics_webtalk.xml file in the implementation directory.
INFO: [Common 17-186] '/home/malak/vivadoprojects/lab3_multiplication/lab3_multiplication.runs/impl_1/usage_statistics_webtalk.xml' has been successfully sent to Xilinx on Mon Apr 13 21:52:01 2020. For additional details about this file, please refer to the WebTalk help file at /tools/Xilinx/Vivado/2019.2/doc/webtalk_introduction.html.
INFO: [Common 17-83] Releasing license: Implementation
23 Infos, 1 Warnings, 0 Critical Warnings and 0 Errors encountered.
write_bitstream completed successfully
write_bitstream: Time (s): cpu = 00:00:11 ; elapsed = 00:00:19 . Memory (MB): peak = 2835.188 ; gain = 445.793 ; free physical = 497 ; free virtual = 3517
INFO: [Common 17-206] Exiting Vivado at Mon Apr 13 21:52:01 2020...

*** Running vivado
    with args -log mult4_top.vdi -applog -m64 -product Vivado -messageDb vivado.pb -mode batch -source mult4_top.tcl -notrace


****** Vivado v2019.2 (64-bit)
  **** SW Build 2708876 on Wed Nov  6 21:39:14 MST 2019
  **** IP Build 2700528 on Thu Nov  7 00:09:20 MST 2019
    ** Copyright 1986-2019 Xilinx, Inc. All Rights Reserved.

source mult4_top.tcl -notrace
Command: open_checkpoint mult4_top_routed.dcp

Starting open_checkpoint Task

Time (s): cpu = 00:00:00.05 ; elapsed = 00:00:00.10 . Memory (MB): peak = 1437.887 ; gain = 0.000 ; free physical = 1853 ; free virtual = 5017
INFO: [Device 21-403] Loading part xc7a100tcsg324-1
Netlist sorting complete. Time (s): cpu = 00:00:00.01 ; elapsed = 00:00:00 . Memory (MB): peak = 1790.984 ; gain = 0.000 ; free physical = 1447 ; free virtual = 4645
INFO: [Netlist 29-17] Analyzing 5 Unisim elements for replacement
INFO: [Netlist 29-28] Unisim Transformation completed in 0 CPU seconds
INFO: [Project 1-479] Netlist was created with Vivado 2019.2
INFO: [Project 1-570] Preparing netlist for logic optimization
INFO: [Timing 38-478] Restoring timing data from binary archive.
INFO: [Timing 38-479] Binary timing data restore complete.
INFO: [Project 1-856] Restoring constraints from binary archive.
INFO: [Project 1-853] Binary constraint restore complete.
Reading XDEF placement.
Reading placer database...
Reading XDEF routing.
Read XDEF File: Time (s): cpu = 00:00:00.12 ; elapsed = 00:00:00.18 . Memory (MB): peak = 2402.910 ; gain = 5.938 ; free physical = 881 ; free virtual = 4119
Restored from archive | CPU: 0.190000 secs | Memory: 1.151596 MB |
Finished XDEF File Restore: Time (s): cpu = 00:00:00.12 ; elapsed = 00:00:00.18 . Memory (MB): peak = 2402.910 ; gain = 5.938 ; free physical = 881 ; free virtual = 4119
Netlist sorting complete. Time (s): cpu = 00:00:00 ; elapsed = 00:00:00 . Memory (MB): peak = 2402.910 ; gain = 0.000 ; free physical = 881 ; free virtual = 4119
INFO: [Project 1-111] Unisim Transformation Summary:
No Unisim elements were transformed.

INFO: [Project 1-604] Checkpoint was created with Vivado v2019.2 (64-bit) build 2708876
open_checkpoint: Time (s): cpu = 00:00:13 ; elapsed = 00:00:21 . Memory (MB): peak = 2402.910 ; gain = 965.023 ; free physical = 880 ; free virtual = 4119
Command: write_bitstream -force mult4_top.bit
Attempting to get a license for feature 'Implementation' and/or device 'xc7a100t'
INFO: [Common 17-349] Got license for feature 'Implementation' and/or device 'xc7a100t'
Running DRC as a precondition to command write_bitstream
INFO: [IP_Flow 19-234] Refreshing IP repositories
INFO: [IP_Flow 19-1704] No user IP repositories specified
INFO: [IP_Flow 19-2313] Loaded Vivado IP repository '/tools/Xilinx/Vivado/2019.2/data/ip'.
INFO: [DRC 23-27] Running DRC with 8 threads
WARNING: [DRC CFGBVS-1] Missing CFGBVS and CONFIG_VOLTAGE Design Properties: Neither the CFGBVS nor CONFIG_VOLTAGE voltage property is set in the current_design.  Configuration bank voltage select (CFGBVS) must be set to VCCO or GND, and CONFIG_VOLTAGE must be set to the correct configuration voltage, in order to determine the I/O voltage support for the pins in bank 0.  It is suggested to specify these either using the 'Edit Device Properties' function in the GUI or directly in the XDC file using the following syntax:

 set_property CFGBVS value1 [current_design]
 #where value1 is either VCCO or GND

 set_property CONFIG_VOLTAGE value2 [current_design]
 #where value2 is the voltage provided to configuration bank 0

Refer to the device configuration user guide for more information.
INFO: [Vivado 12-3199] DRC finished with 0 Errors, 1 Warnings
INFO: [Vivado 12-3200] Please refer to the DRC report (report_drc) for more information.
INFO: [Designutils 20-2272] Running write_bitstream with 8 threads.
Loading data files...
Loading site data...
Loading route data...
Processing options...
Creating bitmap...
Creating bitstream...
Writing bitstream ./mult4_top.bit...
INFO: [Vivado 12-1842] Bitgen Completed Successfully.
INFO: [Project 1-120] WebTalk data collection is mandatory when using a WebPACK part without a full Vivado license. To see the specific WebTalk data collected for your design, open the usage_statistics_webtalk.html or usage_statistics_webtalk.xml file in the implementation directory.
INFO: [Common 17-186] '/home/malak/vivadoprojects/lab3_multiplication/lab3_multiplication.runs/impl_1/usage_statistics_webtalk.xml' has been successfully sent to Xilinx on Mon Apr 13 23:02:20 2020. For additional details about this file, please refer to the WebTalk help file at /tools/Xilinx/Vivado/2019.2/doc/webtalk_introduction.html.
INFO: [Common 17-83] Releasing license: Implementation
23 Infos, 1 Warnings, 0 Critical Warnings and 0 Errors encountered.
write_bitstream completed successfully
write_bitstream: Time (s): cpu = 00:00:11 ; elapsed = 00:00:21 . Memory (MB): peak = 2850.703 ; gain = 447.793 ; free physical = 810 ; free virtual = 4073
INFO: [Common 17-206] Exiting Vivado at Mon Apr 13 23:02:20 2020...
